<?xml version="1.0" encoding="UTF-8"?>
<testsuite xmlns:xsi="http://www.w3.org/2001/XMLSchema-instance" xsi:noNamespaceSchemaLocation="https://maven.apache.org/surefire/maven-surefire-plugin/xsd/surefire-test-report-3.0.xsd" version="3.0" name="com.itq.pet.PetServApplicationTests" time="3.037" tests="1" errors="0" skipped="0" failures="0">
  <properties>
    <property name="java.specification.version" value="17"/>
    <property name="sun.cpu.isalist" value="amd64"/>
    <property name="sun.jnu.encoding" value="Cp1252"/>
    <property name="java.class.path" value="C:\Users\l2114\Documents\workspace-spring-tool-suite-4-4.25.0.RELEASE\PetServ\target\test-classes;C:\Users\l2114\Documents\workspace-spring-tool-suite-4-4.25.0.RELEASE\PetServ\target\classes;C:\Users\l2114\.m2\repository\org\springframework\boot\spring-boot-starter-web\3.3.5\spring-boot-starter-web-3.3.5.jar;C:\Users\l2114\.m2\repository\org\springframework\boot\spring-boot-starter\3.3.5\spring-boot-starter-3.3.5.jar;C:\Users\l2114\.m2\repository\org\springframework\boot\spring-boot\3.3.5\spring-boot-3.3.5.jar;C:\Users\l2114\.m2\repository\org\springframework\boot\spring-boot-autoconfigure\3.3.5\spring-boot-autoconfigure-3.3.5.jar;C:\Users\l2114\.m2\repository\org\springframework\boot\spring-boot-starter-logging\3.3.5\spring-boot-starter-logging-3.3.5.jar;C:\Users\l2114\.m2\repository\org\apache\logging\log4j\log4j-to-slf4j\2.23.1\log4j-to-slf4j-2.23.1.jar;C:\Users\l2114\.m2\repository\org\apache\logging\log4j\log4j-api\2.23.1\log4j-api-2.23.1.jar;C:\Users\l2114\.m2\repository\org\slf4j\jul-to-slf4j\2.0.16\jul-to-slf4j-2.0.16.jar;C:\Users\l2114\.m2\repository\jakarta\annotation\jakarta.annotation-api\2.1.1\jakarta.annotation-api-2.1.1.jar;C:\Users\l2114\.m2\repository\org\yaml\snakeyaml\2.2\snakeyaml-2.2.jar;C:\Users\l2114\.m2\repository\org\springframework\boot\spring-boot-starter-json\3.3.5\spring-boot-starter-json-3.3.5.jar;C:\Users\l2114\.m2\repository\com\fasterxml\jackson\core\jackson-databind\2.17.2\jackson-databind-2.17.2.jar;C:\Users\l2114\.m2\repository\com\fasterxml\jackson\core\jackson-annotations\2.17.2\jackson-annotations-2.17.2.jar;C:\Users\l2114\.m2\repository\com\fasterxml\jackson\core\jackson-core\2.17.2\jackson-core-2.17.2.jar;C:\Users\l2114\.m2\repository\com\fasterxml\jackson\datatype\jackson-datatype-jdk8\2.17.2\jackson-datatype-jdk8-2.17.2.jar;C:\Users\l2114\.m2\repository\com\fasterxml\jackson\datatype\jackson-datatype-jsr310\2.17.2\jackson-datatype-jsr310-2.17.2.jar;C:\Users\l2114\.m2\repository\com\fasterxml\jackson\module\jackson-module-parameter-names\2.17.2\jackson-module-parameter-names-2.17.2.jar;C:\Users\l2114\.m2\repository\org\springframework\boot\spring-boot-starter-tomcat\3.3.5\spring-boot-starter-tomcat-3.3.5.jar;C:\Users\l2114\.m2\repository\org\apache\tomcat\embed\tomcat-embed-core\10.1.31\tomcat-embed-core-10.1.31.jar;C:\Users\l2114\.m2\repository\org\apache\tomcat\embed\tomcat-embed-websocket\10.1.31\tomcat-embed-websocket-10.1.31.jar;C:\Users\l2114\.m2\repository\org\springframework\spring-web\6.1.14\spring-web-6.1.14.jar;C:\Users\l2114\.m2\repository\org\springframework\spring-beans\6.1.14\spring-beans-6.1.14.jar;C:\Users\l2114\.m2\repository\io\micrometer\micrometer-observation\1.13.6\micrometer-observation-1.13.6.jar;C:\Users\l2114\.m2\repository\io\micrometer\micrometer-commons\1.13.6\micrometer-commons-1.13.6.jar;C:\Users\l2114\.m2\repository\org\springframework\spring-webmvc\6.1.14\spring-webmvc-6.1.14.jar;C:\Users\l2114\.m2\repository\org\springframework\spring-aop\6.1.14\spring-aop-6.1.14.jar;C:\Users\l2114\.m2\repository\org\springframework\spring-context\6.1.14\spring-context-6.1.14.jar;C:\Users\l2114\.m2\repository\org\springframework\spring-expression\6.1.14\spring-expression-6.1.14.jar;C:\Users\l2114\.m2\repository\org\springframework\boot\spring-boot-starter-test\3.3.5\spring-boot-starter-test-3.3.5.jar;C:\Users\l2114\.m2\repository\org\springframework\boot\spring-boot-test\3.3.5\spring-boot-test-3.3.5.jar;C:\Users\l2114\.m2\repository\org\springframework\boot\spring-boot-test-autoconfigure\3.3.5\spring-boot-test-autoconfigure-3.3.5.jar;C:\Users\l2114\.m2\repository\com\jayway\jsonpath\json-path\2.9.0\json-path-2.9.0.jar;C:\Users\l2114\.m2\repository\jakarta\xml\bind\jakarta.xml.bind-api\4.0.2\jakarta.xml.bind-api-4.0.2.jar;C:\Users\l2114\.m2\repository\jakarta\activation\jakarta.activation-api\2.1.3\jakarta.activation-api-2.1.3.jar;C:\Users\l2114\.m2\repository\net\minidev\json-smart\2.5.1\json-smart-2.5.1.jar;C:\Users\l2114\.m2\repository\net\minidev\accessors-smart\2.5.1\accessors-smart-2.5.1.jar;C:\Users\l2114\.m2\repository\org\ow2\asm\asm\9.6\asm-9.6.jar;C:\Users\l2114\.m2\repository\org\assertj\assertj-core\3.25.3\assertj-core-3.25.3.jar;C:\Users\l2114\.m2\repository\net\bytebuddy\byte-buddy\1.14.19\byte-buddy-1.14.19.jar;C:\Users\l2114\.m2\repository\org\awaitility\awaitility\4.2.2\awaitility-4.2.2.jar;C:\Users\l2114\.m2\repository\org\hamcrest\hamcrest\2.2\hamcrest-2.2.jar;C:\Users\l2114\.m2\repository\org\junit\jupiter\junit-jupiter\5.10.5\junit-jupiter-5.10.5.jar;C:\Users\l2114\.m2\repository\org\junit\jupiter\junit-jupiter-api\5.10.5\junit-jupiter-api-5.10.5.jar;C:\Users\l2114\.m2\repository\org\opentest4j\opentest4j\1.3.0\opentest4j-1.3.0.jar;C:\Users\l2114\.m2\repository\org\junit\platform\junit-platform-commons\1.10.5\junit-platform-commons-1.10.5.jar;C:\Users\l2114\.m2\repository\org\apiguardian\apiguardian-api\1.1.2\apiguardian-api-1.1.2.jar;C:\Users\l2114\.m2\repository\org\junit\jupiter\junit-jupiter-params\5.10.5\junit-jupiter-params-5.10.5.jar;C:\Users\l2114\.m2\repository\org\junit\jupiter\junit-jupiter-engine\5.10.5\junit-jupiter-engine-5.10.5.jar;C:\Users\l2114\.m2\repository\org\junit\platform\junit-platform-engine\1.10.5\junit-platform-engine-1.10.5.jar;C:\Users\l2114\.m2\repository\org\mockito\mockito-core\5.11.0\mockito-core-5.11.0.jar;C:\Users\l2114\.m2\repository\net\bytebuddy\byte-buddy-agent\1.14.19\byte-buddy-agent-1.14.19.jar;C:\Users\l2114\.m2\repository\org\objenesis\objenesis\3.3\objenesis-3.3.jar;C:\Users\l2114\.m2\repository\org\mockito\mockito-junit-jupiter\5.11.0\mockito-junit-jupiter-5.11.0.jar;C:\Users\l2114\.m2\repository\org\skyscreamer\jsonassert\1.5.3\jsonassert-1.5.3.jar;C:\Users\l2114\.m2\repository\com\vaadin\external\google\android-json\0.0.20131108.vaadin1\android-json-0.0.20131108.vaadin1.jar;C:\Users\l2114\.m2\repository\org\springframework\spring-core\6.1.14\spring-core-6.1.14.jar;C:\Users\l2114\.m2\repository\org\springframework\spring-jcl\6.1.14\spring-jcl-6.1.14.jar;C:\Users\l2114\.m2\repository\org\springframework\spring-test\6.1.14\spring-test-6.1.14.jar;C:\Users\l2114\.m2\repository\org\xmlunit\xmlunit-core\2.9.1\xmlunit-core-2.9.1.jar;C:\Users\l2114\.m2\repository\ch\qos\logback\logback-classic\1.5.11\logback-classic-1.5.11.jar;C:\Users\l2114\.m2\repository\ch\qos\logback\logback-core\1.5.11\logback-core-1.5.11.jar;C:\Users\l2114\.m2\repository\org\slf4j\slf4j-api\2.0.16\slf4j-api-2.0.16.jar;C:\Users\l2114\.m2\repository\org\springframework\boot\spring-boot-starter-validation\3.3.5\spring-boot-starter-validation-3.3.5.jar;C:\Users\l2114\.m2\repository\org\apache\tomcat\embed\tomcat-embed-el\10.1.31\tomcat-embed-el-10.1.31.jar;C:\Users\l2114\.m2\repository\org\hibernate\validator\hibernate-validator\8.0.1.Final\hibernate-validator-8.0.1.Final.jar;C:\Users\l2114\.m2\repository\jakarta\validation\jakarta.validation-api\3.0.2\jakarta.validation-api-3.0.2.jar;C:\Users\l2114\.m2\repository\org\jboss\logging\jboss-logging\3.5.3.Final\jboss-logging-3.5.3.Final.jar;C:\Users\l2114\.m2\repository\com\fasterxml\classmate\1.7.0\classmate-1.7.0.jar;"/>
    <property name="java.vm.vendor" value="Oracle Corporation"/>
    <property name="sun.arch.data.model" value="64"/>
    <property name="user.variant" value=""/>
    <property name="java.vendor.url" value="https://java.oracle.com/"/>
    <property name="user.timezone" value="America/Mexico_City"/>
    <property name="org.jboss.logging.provider" value="slf4j"/>
    <property name="os.name" value="Windows 11"/>
    <property name="java.vm.specification.version" value="17"/>
    <property name="sun.java.launcher" value="SUN_STANDARD"/>
    <property name="user.country" value="US"/>
    <property name="sun.boot.library.path" value="C:\Program Files\Java\jdk-17\bin"/>
    <property name="sun.java.command" value="C:\Users\l2114\AppData\Local\Temp\surefire1930449515083751181\surefirebooter-20241130202253063_3.jar C:\Users\l2114\AppData\Local\Temp\surefire1930449515083751181 2024-11-30T20-22-52_885-jvmRun1 surefire-20241130202253063_1tmp surefire_0-20241130202253063_2tmp"/>
    <property name="jdk.debug" value="release"/>
    <property name="surefire.test.class.path" value="C:\Users\l2114\Documents\workspace-spring-tool-suite-4-4.25.0.RELEASE\PetServ\target\test-classes;C:\Users\l2114\Documents\workspace-spring-tool-suite-4-4.25.0.RELEASE\PetServ\target\classes;C:\Users\l2114\.m2\repository\org\springframework\boot\spring-boot-starter-web\3.3.5\spring-boot-starter-web-3.3.5.jar;C:\Users\l2114\.m2\repository\org\springframework\boot\spring-boot-starter\3.3.5\spring-boot-starter-3.3.5.jar;C:\Users\l2114\.m2\repository\org\springframework\boot\spring-boot\3.3.5\spring-boot-3.3.5.jar;C:\Users\l2114\.m2\repository\org\springframework\boot\spring-boot-autoconfigure\3.3.5\spring-boot-autoconfigure-3.3.5.jar;C:\Users\l2114\.m2\repository\org\springframework\boot\spring-boot-starter-logging\3.3.5\spring-boot-starter-logging-3.3.5.jar;C:\Users\l2114\.m2\repository\org\apache\logging\log4j\log4j-to-slf4j\2.23.1\log4j-to-slf4j-2.23.1.jar;C:\Users\l2114\.m2\repository\org\apache\logging\log4j\log4j-api\2.23.1\log4j-api-2.23.1.jar;C:\Users\l2114\.m2\repository\org\slf4j\jul-to-slf4j\2.0.16\jul-to-slf4j-2.0.16.jar;C:\Users\l2114\.m2\repository\jakarta\annotation\jakarta.annotation-api\2.1.1\jakarta.annotation-api-2.1.1.jar;C:\Users\l2114\.m2\repository\org\yaml\snakeyaml\2.2\snakeyaml-2.2.jar;C:\Users\l2114\.m2\repository\org\springframework\boot\spring-boot-starter-json\3.3.5\spring-boot-starter-json-3.3.5.jar;C:\Users\l2114\.m2\repository\com\fasterxml\jackson\core\jackson-databind\2.17.2\jackson-databind-2.17.2.jar;C:\Users\l2114\.m2\repository\com\fasterxml\jackson\core\jackson-annotations\2.17.2\jackson-annotations-2.17.2.jar;C:\Users\l2114\.m2\repository\com\fasterxml\jackson\core\jackson-core\2.17.2\jackson-core-2.17.2.jar;C:\Users\l2114\.m2\repository\com\fasterxml\jackson\datatype\jackson-datatype-jdk8\2.17.2\jackson-datatype-jdk8-2.17.2.jar;C:\Users\l2114\.m2\repository\com\fasterxml\jackson\datatype\jackson-datatype-jsr310\2.17.2\jackson-datatype-jsr310-2.17.2.jar;C:\Users\l2114\.m2\repository\com\fasterxml\jackson\module\jackson-module-parameter-names\2.17.2\jackson-module-parameter-names-2.17.2.jar;C:\Users\l2114\.m2\repository\org\springframework\boot\spring-boot-starter-tomcat\3.3.5\spring-boot-starter-tomcat-3.3.5.jar;C:\Users\l2114\.m2\repository\org\apache\tomcat\embed\tomcat-embed-core\10.1.31\tomcat-embed-core-10.1.31.jar;C:\Users\l2114\.m2\repository\org\apache\tomcat\embed\tomcat-embed-websocket\10.1.31\tomcat-embed-websocket-10.1.31.jar;C:\Users\l2114\.m2\repository\org\springframework\spring-web\6.1.14\spring-web-6.1.14.jar;C:\Users\l2114\.m2\repository\org\springframework\spring-beans\6.1.14\spring-beans-6.1.14.jar;C:\Users\l2114\.m2\repository\io\micrometer\micrometer-observation\1.13.6\micrometer-observation-1.13.6.jar;C:\Users\l2114\.m2\repository\io\micrometer\micrometer-commons\1.13.6\micrometer-commons-1.13.6.jar;C:\Users\l2114\.m2\repository\org\springframework\spring-webmvc\6.1.14\spring-webmvc-6.1.14.jar;C:\Users\l2114\.m2\repository\org\springframework\spring-aop\6.1.14\spring-aop-6.1.14.jar;C:\Users\l2114\.m2\repository\org\springframework\spring-context\6.1.14\spring-context-6.1.14.jar;C:\Users\l2114\.m2\repository\org\springframework\spring-expression\6.1.14\spring-expression-6.1.14.jar;C:\Users\l2114\.m2\repository\org\springframework\boot\spring-boot-starter-test\3.3.5\spring-boot-starter-test-3.3.5.jar;C:\Users\l2114\.m2\repository\org\springframework\boot\spring-boot-test\3.3.5\spring-boot-test-3.3.5.jar;C:\Users\l2114\.m2\repository\org\springframework\boot\spring-boot-test-autoconfigure\3.3.5\spring-boot-test-autoconfigure-3.3.5.jar;C:\Users\l2114\.m2\repository\com\jayway\jsonpath\json-path\2.9.0\json-path-2.9.0.jar;C:\Users\l2114\.m2\repository\jakarta\xml\bind\jakarta.xml.bind-api\4.0.2\jakarta.xml.bind-api-4.0.2.jar;C:\Users\l2114\.m2\repository\jakarta\activation\jakarta.activation-api\2.1.3\jakarta.activation-api-2.1.3.jar;C:\Users\l2114\.m2\repository\net\minidev\json-smart\2.5.1\json-smart-2.5.1.jar;C:\Users\l2114\.m2\repository\net\minidev\accessors-smart\2.5.1\accessors-smart-2.5.1.jar;C:\Users\l2114\.m2\repository\org\ow2\asm\asm\9.6\asm-9.6.jar;C:\Users\l2114\.m2\repository\org\assertj\assertj-core\3.25.3\assertj-core-3.25.3.jar;C:\Users\l2114\.m2\repository\net\bytebuddy\byte-buddy\1.14.19\byte-buddy-1.14.19.jar;C:\Users\l2114\.m2\repository\org\awaitility\awaitility\4.2.2\awaitility-4.2.2.jar;C:\Users\l2114\.m2\repository\org\hamcrest\hamcrest\2.2\hamcrest-2.2.jar;C:\Users\l2114\.m2\repository\org\junit\jupiter\junit-jupiter\5.10.5\junit-jupiter-5.10.5.jar;C:\Users\l2114\.m2\repository\org\junit\jupiter\junit-jupiter-api\5.10.5\junit-jupiter-api-5.10.5.jar;C:\Users\l2114\.m2\repository\org\opentest4j\opentest4j\1.3.0\opentest4j-1.3.0.jar;C:\Users\l2114\.m2\repository\org\junit\platform\junit-platform-commons\1.10.5\junit-platform-commons-1.10.5.jar;C:\Users\l2114\.m2\repository\org\apiguardian\apiguardian-api\1.1.2\apiguardian-api-1.1.2.jar;C:\Users\l2114\.m2\repository\org\junit\jupiter\junit-jupiter-params\5.10.5\junit-jupiter-params-5.10.5.jar;C:\Users\l2114\.m2\repository\org\junit\jupiter\junit-jupiter-engine\5.10.5\junit-jupiter-engine-5.10.5.jar;C:\Users\l2114\.m2\repository\org\junit\platform\junit-platform-engine\1.10.5\junit-platform-engine-1.10.5.jar;C:\Users\l2114\.m2\repository\org\mockito\mockito-core\5.11.0\mockito-core-5.11.0.jar;C:\Users\l2114\.m2\repository\net\bytebuddy\byte-buddy-agent\1.14.19\byte-buddy-agent-1.14.19.jar;C:\Users\l2114\.m2\repository\org\objenesis\objenesis\3.3\objenesis-3.3.jar;C:\Users\l2114\.m2\repository\org\mockito\mockito-junit-jupiter\5.11.0\mockito-junit-jupiter-5.11.0.jar;C:\Users\l2114\.m2\repository\org\skyscreamer\jsonassert\1.5.3\jsonassert-1.5.3.jar;C:\Users\l2114\.m2\repository\com\vaadin\external\google\android-json\0.0.20131108.vaadin1\android-json-0.0.20131108.vaadin1.jar;C:\Users\l2114\.m2\repository\org\springframework\spring-core\6.1.14\spring-core-6.1.14.jar;C:\Users\l2114\.m2\repository\org\springframework\spring-jcl\6.1.14\spring-jcl-6.1.14.jar;C:\Users\l2114\.m2\repository\org\springframework\spring-test\6.1.14\spring-test-6.1.14.jar;C:\Users\l2114\.m2\repository\org\xmlunit\xmlunit-core\2.9.1\xmlunit-core-2.9.1.jar;C:\Users\l2114\.m2\repository\ch\qos\logback\logback-classic\1.5.11\logback-classic-1.5.11.jar;C:\Users\l2114\.m2\repository\ch\qos\logback\logback-core\1.5.11\logback-core-1.5.11.jar;C:\Users\l2114\.m2\repository\org\slf4j\slf4j-api\2.0.16\slf4j-api-2.0.16.jar;C:\Users\l2114\.m2\repository\org\springframework\boot\spring-boot-starter-validation\3.3.5\spring-boot-starter-validation-3.3.5.jar;C:\Users\l2114\.m2\repository\org\apache\tomcat\embed\tomcat-embed-el\10.1.31\tomcat-embed-el-10.1.31.jar;C:\Users\l2114\.m2\repository\org\hibernate\validator\hibernate-validator\8.0.1.Final\hibernate-validator-8.0.1.Final.jar;C:\Users\l2114\.m2\repository\jakarta\validation\jakarta.validation-api\3.0.2\jakarta.validation-api-3.0.2.jar;C:\Users\l2114\.m2\repository\org\jboss\logging\jboss-logging\3.5.3.Final\jboss-logging-3.5.3.Final.jar;C:\Users\l2114\.m2\repository\com\fasterxml\classmate\1.7.0\classmate-1.7.0.jar;"/>
    <property name="sun.cpu.endian" value="little"/>
    <property name="user.home" value="C:\Users\l2114"/>
    <property name="user.language" value="en"/>
    <property name="java.specification.vendor" value="Oracle Corporation"/>
    <property name="java.version.date" value="2024-07-16"/>
    <property name="java.home" value="C:\Program Files\Java\jdk-17"/>
    <property name="file.separator" value="\"/>
    <property name="style.color" value="always"/>
    <property name="basedir" value="C:\Users\l2114\Documents\workspace-spring-tool-suite-4-4.25.0.RELEASE\PetServ"/>
    <property name="java.vm.compressedOopsMode" value="Zero based"/>
    <property name="line.separator" value="&#10;"/>
    <property name="java.vm.specification.vendor" value="Oracle Corporation"/>
    <property name="java.specification.name" value="Java Platform API Specification"/>
    <property name="FILE_LOG_CHARSET" value="windows-1252"/>
    <property name="java.awt.headless" value="true"/>
    <property name="surefire.real.class.path" value="C:\Users\l2114\AppData\Local\Temp\surefire1930449515083751181\surefirebooter-20241130202253063_3.jar"/>
    <property name="user.script" value=""/>
    <property name="sun.management.compiler" value="HotSpot 64-Bit Tiered Compilers"/>
    <property name="java.runtime.version" value="17.0.12+8-LTS-286"/>
    <property name="user.name" value="l2114"/>
    <property name="path.separator" value=";"/>
    <property name="os.version" value="10.0"/>
    <property name="java.runtime.name" value="Java(TM) SE Runtime Environment"/>
    <property name="file.encoding" value="Cp1252"/>
    <property name="java.vm.name" value="Java HotSpot(TM) 64-Bit Server VM"/>
    <property name="localRepository" value="C:\Users\l2114\.m2\repository"/>
    <property name="java.vendor.url.bug" value="https://bugreport.java.com/bugreport/"/>
    <property name="java.io.tmpdir" value="C:\Users\l2114\AppData\Local\Temp\"/>
    <property name="java.version" value="17.0.12"/>
    <property name="user.dir" value="C:\Users\l2114\Documents\workspace-spring-tool-suite-4-4.25.0.RELEASE\PetServ"/>
    <property name="os.arch" value="amd64"/>
    <property name="java.vm.specification.name" value="Java Virtual Machine Specification"/>
    <property name="PID" value="11540"/>
    <property name="sun.os.patch.level" value=""/>
    <property name="CONSOLE_LOG_CHARSET" value="windows-1252"/>
    <property name="native.encoding" value="Cp1252"/>
    <property name="java.library.path" value="C:\Program Files\Java\jdk-17\bin;C:\WINDOWS\Sun\Java\bin;C:\WINDOWS\system32;C:\WINDOWS;D:/Programs/spring-tool-suite-4-4.25.0.RELEASE-e4.33.0-win32.win32.x86_64/sts-4.25.0.RELEASE//plugins/org.eclipse.justj.openjdk.hotspot.jre.full.win32.x86_64_21.0.4.v20240802-1551/jre/bin/server;D:/Programs/spring-tool-suite-4-4.25.0.RELEASE-e4.33.0-win32.win32.x86_64/sts-4.25.0.RELEASE//plugins/org.eclipse.justj.openjdk.hotspot.jre.full.win32.x86_64_21.0.4.v20240802-1551/jre/bin;C:\Program Files\Java\jdk-17\bin;C:\Program Files\Common Files\Oracle\Java\javapath;D:\Programs\Oracle\app\oracle\product\11.2.0\server\bin;C:\Windows\system32;C:\Windows;C:\Windows\System32\Wbem;C:\Windows\System32\WindowsPowerShell\v1.0\;C:\Windows\System32\OpenSSH\;C:\Program Files (x86)\NVIDIA Corporation\PhysX\Common;C:\Program Files\NVIDIA Corporation\NVIDIA NvDLISR;C:\WINDOWS\system32;C:\WINDOWS;C:\WINDOWS\System32\Wbem;C:\WINDOWS\System32\WindowsPowerShell\v1.0\;C:\WINDOWS\System32\OpenSSH\;;C:\Program Files\Docker\Docker\resources\bin;C:\Users\l2114\AppData\Local\Microsoft\WindowsApps;D:\Programs\Microsoft VS Code\bin;D:\Programs\apache-maven-3.9.9\bin;;D:\Programs\spring-tool-suite-4-4.25.0.RELEASE-e4.33.0-win32.win32.x86_64\sts-4.25.0.RELEASE;;."/>
    <property name="java.vm.info" value="mixed mode, sharing"/>
    <property name="java.vendor" value="Oracle Corporation"/>
    <property name="java.vm.version" value="17.0.12+8-LTS-286"/>
    <property name="sun.io.unicode.encoding" value="UnicodeLittle"/>
    <property name="java.class.version" value="61.0"/>
    <property name="LOGGED_APPLICATION_NAME" value="[PetServ] "/>
  </properties>
  <testcase name="contextLoads" classname="com.itq.pet.PetServApplicationTests" time="0.902">
    <system-out><![CDATA[20:22:53.827 [main] INFO org.springframework.test.context.support.AnnotationConfigContextLoaderUtils -- Could not detect default configuration classes for test class [com.itq.pet.PetServApplicationTests]: PetServApplicationTests does not declare any static, non-private, non-final, nested classes annotated with @Configuration.
20:22:53.925 [main] INFO org.springframework.boot.test.context.SpringBootTestContextBootstrapper -- Found @SpringBootConfiguration com.itq.pet.PetServApplication for test class com.itq.pet.PetServApplicationTests

  .   ____          _            __ _ _
 /\\ / ___'_ __ _ _(_)_ __  __ _ \ \ \ \
( ( )\___ | '_ | '_| | '_ \/ _` | \ \ \ \
 \\/  ___)| |_)| | | | | || (_| |  ) ) ) )
  '  |____| .__|_| |_|_| |_\__, | / / / /
 =========|_|==============|___/=/_/_/_/

 :: Spring Boot ::                (v3.3.5)

2024-11-30 20:22:54.399 
                &amp#27;[39mDEBUG&amp#27;[0;39m 
                [background-preinit] 
                org.jboss.logging                        
                : Logging Provider: org.jboss.logging.Slf4jLoggerProvider found via system property
2024-11-30 20:22:54.401 
                &amp#27;[34mINFO &amp#27;[0;39m 
                [background-preinit] 
                o.h.validator.internal.util.Version      
                : HV000001: Hibernate Validator 8.0.1.Final
2024-11-30 20:22:54.405 
                &amp#27;[39mDEBUG&amp#27;[0;39m 
                [background-preinit] 
                o.h.v.i.xml.config.ValidationXmlParser   
                : Trying to load META-INF/validation.xml for XML based Validator configuration.
2024-11-30 20:22:54.405 
                &amp#27;[39mDEBUG&amp#27;[0;39m 
                [background-preinit] 
                o.h.v.i.xml.config.ResourceLoaderHelper  
                : Trying to load META-INF/validation.xml via TCCL
2024-11-30 20:22:54.406 
                &amp#27;[39mDEBUG&amp#27;[0;39m 
                [background-preinit] 
                o.h.v.i.xml.config.ResourceLoaderHelper  
                : Trying to load META-INF/validation.xml via Hibernate Validator's class loader
2024-11-30 20:22:54.406 
                &amp#27;[39mDEBUG&amp#27;[0;39m 
                [background-preinit] 
                o.h.v.i.xml.config.ValidationXmlParser   
                : No META-INF/validation.xml found. Using annotation based configuration only.
2024-11-30 20:22:54.409 
                &amp#27;[39mDEBUG&amp#27;[0;39m 
                [background-preinit] 
                o.h.v.i.e.resolver.TraversableResolvers  
                : Cannot find jakarta.persistence.Persistence on classpath. Assuming non JPA 2 environment. All properties will per default be traversable.
2024-11-30 20:22:54.428 
                &amp#27;[34mINFO &amp#27;[0;39m 
                [main] 
                com.itq.pet.PetServApplicationTests      
                : Starting PetServApplicationTests using Java 17.0.12 with PID 11540 (started by l2114 in C:\Users\l2114\Documents\workspace-spring-tool-suite-4-4.25.0.RELEASE\PetServ)
2024-11-30 20:22:54.429 
                &amp#27;[39mDEBUG&amp#27;[0;39m 
                [main] 
                com.itq.pet.PetServApplicationTests      
                : Running with Spring Boot v3.3.5, Spring v6.1.14
2024-11-30 20:22:54.430 
                &amp#27;[34mINFO &amp#27;[0;39m 
                [main] 
                com.itq.pet.PetServApplicationTests      
                : No active profile set, falling back to 1 default profile: "default"
2024-11-30 20:22:54.431 
                &amp#27;[39mDEBUG&amp#27;[0;39m 
                [main] 
                o.s.boot.SpringApplication               
                : Loading source class com.itq.pet.PetServApplication
2024-11-30 20:22:54.436 
                &amp#27;[39mDEBUG&amp#27;[0;39m 
                [background-preinit] 
                .h.v.m.ResourceBundleMessageInterpolator 
                : Loaded expression factory via original TCCL
2024-11-30 20:22:54.456 
                &amp#27;[39mDEBUG&amp#27;[0;39m 
                [main] 
                o.s.w.c.s.GenericWebApplicationContext   
                : Refreshing org.springframework.web.context.support.GenericWebApplicationContext@24e8de5c
2024-11-30 20:22:54.480 
                &amp#27;[39mDEBUG&amp#27;[0;39m 
                [main] 
                o.s.b.f.s.DefaultListableBeanFactory     
                : Creating shared instance of singleton bean 'org.springframework.context.annotation.internalConfigurationAnnotationProcessor'
2024-11-30 20:22:54.495 
                &amp#27;[39mDEBUG&amp#27;[0;39m 
                [main] 
                o.s.b.f.s.DefaultListableBeanFactory     
                : Creating shared instance of singleton bean 'org.springframework.boot.autoconfigure.internalCachingMetadataReaderFactory'
2024-11-30 20:22:54.541 
                &amp#27;[39mDEBUG&amp#27;[0;39m 
                [background-preinit] 
                .i.e.ValidatorFactoryConfigurationHelper 
                : HV000252: Using org.hibernate.validator.internal.engine.DefaultPropertyNodeNameProvider as property node name provider.
2024-11-30 20:22:54.541 
                &amp#27;[39mDEBUG&amp#27;[0;39m 
                [main] 
                o.s.c.a.ClassPathBeanDefinitionScanner   
                : Identified candidate component class: file [C:\Users\l2114\Documents\workspace-spring-tool-suite-4-4.25.0.RELEASE\PetServ\target\classes\com\itq\pet\service\PetsController.class]
2024-11-30 20:22:54.545 
                &amp#27;[39mDEBUG&amp#27;[0;39m 
                [main] 
                o.s.c.a.ClassPathBeanDefinitionScanner   
                : Identified candidate component class: file [C:\Users\l2114\Documents\workspace-spring-tool-suite-4-4.25.0.RELEASE\PetServ\target\classes\com\itq\pet\service\PetService.class]
2024-11-30 20:22:54.551 
                &amp#27;[39mDEBUG&amp#27;[0;39m 
                [background-preinit] 
                .i.e.ValidatorFactoryConfigurationHelper 
                : HV000234: Using org.hibernate.validator.messageinterpolation.ResourceBundleMessageInterpolator as ValidatorFactory-scoped message interpolator.
2024-11-30 20:22:54.551 
                &amp#27;[39mDEBUG&amp#27;[0;39m 
                [background-preinit] 
                .i.e.ValidatorFactoryConfigurationHelper 
                : HV000234: Using org.hibernate.validator.internal.engine.resolver.TraverseAllTraversableResolver as ValidatorFactory-scoped traversable resolver.
2024-11-30 20:22:54.551 
                &amp#27;[39mDEBUG&amp#27;[0;39m 
                [background-preinit] 
                .i.e.ValidatorFactoryConfigurationHelper 
                : HV000234: Using org.hibernate.validator.internal.util.ExecutableParameterNameProvider as ValidatorFactory-scoped parameter name provider.
2024-11-30 20:22:54.551 
                &amp#27;[39mDEBUG&amp#27;[0;39m 
                [background-preinit] 
                .i.e.ValidatorFactoryConfigurationHelper 
                : HV000234: Using org.hibernate.validator.internal.engine.DefaultClockProvider as ValidatorFactory-scoped clock provider.
2024-11-30 20:22:54.552 
                &amp#27;[39mDEBUG&amp#27;[0;39m 
                [background-preinit] 
                .i.e.ValidatorFactoryConfigurationHelper 
                : HV000234: Using org.hibernate.validator.internal.engine.scripting.DefaultScriptEvaluatorFactory as ValidatorFactory-scoped script evaluator factory.
2024-11-30 20:22:55.119 
                &amp#27;[39mDEBUG&amp#27;[0;39m 
                [main] 
                o.s.b.f.s.DefaultListableBeanFactory     
                : Creating shared instance of singleton bean 'propertySourcesPlaceholderConfigurer'
2024-11-30 20:22:55.126 
                &amp#27;[39mDEBUG&amp#27;[0;39m 
                [main] 
                o.s.b.f.s.DefaultListableBeanFactory     
                : Creating shared instance of singleton bean 'org.springframework.boot.test.mock.mockito.MockitoPostProcessor'
2024-11-30 20:22:55.133 
                &amp#27;[39mDEBUG&amp#27;[0;39m 
                [main] 
                o.s.b.f.s.DefaultListableBeanFactory     
                : Creating shared instance of singleton bean 'org.springframework.boot.sql.init.dependency.DatabaseInitializationDependencyConfigurer$DependsOnDatabaseInitializationPostProcessor'
2024-11-30 20:22:55.155 
                &amp#27;[39mDEBUG&amp#27;[0;39m 
                [main] 
                o.s.b.f.s.DefaultListableBeanFactory     
                : Creating shared instance of singleton bean 'org.springframework.context.event.internalEventListenerProcessor'
2024-11-30 20:22:55.156 
                &amp#27;[39mDEBUG&amp#27;[0;39m 
                [main] 
                o.s.b.f.s.DefaultListableBeanFactory     
                : Creating shared instance of singleton bean 'preserveErrorControllerTargetClassPostProcessor'
2024-11-30 20:22:55.156 
                &amp#27;[39mDEBUG&amp#27;[0;39m 
                [main] 
                o.s.b.f.s.DefaultListableBeanFactory     
                : Creating shared instance of singleton bean 'forceAutoProxyCreatorToUseClassProxying'
2024-11-30 20:22:55.157 
                &amp#27;[39mDEBUG&amp#27;[0;39m 
                [main] 
                o.s.b.f.s.DefaultListableBeanFactory     
                : Creating shared instance of singleton bean 'org.springframework.context.event.internalEventListenerFactory'
2024-11-30 20:22:55.163 
                &amp#27;[39mDEBUG&amp#27;[0;39m 
                [main] 
                o.s.b.f.s.DefaultListableBeanFactory     
                : Creating shared instance of singleton bean 'org.springframework.boot.test.mock.mockito.MockitoPostProcessor$SpyPostProcessor'
2024-11-30 20:22:55.165 
                &amp#27;[39mDEBUG&amp#27;[0;39m 
                [main] 
                o.s.b.f.s.DefaultListableBeanFactory     
                : Creating shared instance of singleton bean 'org.springframework.context.annotation.internalAutowiredAnnotationProcessor'
2024-11-30 20:22:55.167 
                &amp#27;[39mDEBUG&amp#27;[0;39m 
                [main] 
                o.s.b.f.s.DefaultListableBeanFactory     
                : Creating shared instance of singleton bean 'org.springframework.context.annotation.internalCommonAnnotationProcessor'
2024-11-30 20:22:55.171 
                &amp#27;[39mDEBUG&amp#27;[0;39m 
                [main] 
                o.s.b.f.s.DefaultListableBeanFactory     
                : Creating shared instance of singleton bean 'org.springframework.boot.context.properties.ConfigurationPropertiesBindingPostProcessor'
2024-11-30 20:22:55.172 
                &amp#27;[39mDEBUG&amp#27;[0;39m 
                [main] 
                o.s.b.f.s.DefaultListableBeanFactory     
                : Creating shared instance of singleton bean 'org.springframework.boot.context.internalConfigurationPropertiesBinder'
2024-11-30 20:22:55.174 
                &amp#27;[39mDEBUG&amp#27;[0;39m 
                [main] 
                o.s.b.f.s.DefaultListableBeanFactory     
                : Creating shared instance of singleton bean 'methodValidationPostProcessor'
2024-11-30 20:22:55.179 
                &amp#27;[39mDEBUG&amp#27;[0;39m 
                [main] 
                o.s.b.f.s.DefaultListableBeanFactory     
                : Autowiring by type from bean name 'methodValidationPostProcessor' via factory method to bean named 'environment'
2024-11-30 20:22:55.180 
                &amp#27;[39mDEBUG&amp#27;[0;39m 
                [main] 
                o.s.b.f.s.DefaultListableBeanFactory     
                : Creating shared instance of singleton bean 'org.springframework.boot.context.properties.EnableConfigurationPropertiesRegistrar.methodValidationExcludeFilter'
2024-11-30 20:22:55.206 
                &amp#27;[39mDEBUG&amp#27;[0;39m 
                [main] 
                o.s.b.f.s.DefaultListableBeanFactory     
                : Creating shared instance of singleton bean 'org.springframework.aop.config.internalAutoProxyCreator'
2024-11-30 20:22:55.212 
                &amp#27;[39mDEBUG&amp#27;[0;39m 
                [main] 
                o.s.b.f.s.DefaultListableBeanFactory     
                : Creating shared instance of singleton bean 'webServerFactoryCustomizerBeanPostProcessor'
2024-11-30 20:22:55.213 
                &amp#27;[39mDEBUG&amp#27;[0;39m 
                [main] 
                o.s.b.f.s.DefaultListableBeanFactory     
                : Creating shared instance of singleton bean 'errorPageRegistrarBeanPostProcessor'
2024-11-30 20:22:55.218 
                &amp#27;[39mDEBUG&amp#27;[0;39m 
                [main] 
                o.s.u.c.s.UiApplicationContextUtils      
                : Unable to locate ThemeSource with name 'themeSource': using default [org.springframework.ui.context.support.ResourceBundleThemeSource@37468787]
2024-11-30 20:22:55.219 
                &amp#27;[39mDEBUG&amp#27;[0;39m 
                [main] 
                o.s.b.f.s.DefaultListableBeanFactory     
                : Creating shared instance of singleton bean 'petServApplication'
2024-11-30 20:22:55.224 
                &amp#27;[39mDEBUG&amp#27;[0;39m 
                [main] 
                o.s.b.f.s.DefaultListableBeanFactory     
                : Creating shared instance of singleton bean 'petsController'
2024-11-30 20:22:55.230 
                &amp#27;[39mDEBUG&amp#27;[0;39m 
                [main] 
                o.s.b.f.s.DefaultListableBeanFactory     
                : Creating shared instance of singleton bean 'petService'
2024-11-30 20:22:55.230 
                &amp#27;[39mDEBUG&amp#27;[0;39m 
                [main] 
                o.s.b.f.s.DefaultListableBeanFactory     
                : Autowiring by type from bean name 'petsController' via constructor to bean named 'petService'
2024-11-30 20:22:55.235 
                &amp#27;[39mDEBUG&amp#27;[0;39m 
                [main] 
                o.s.b.f.s.DefaultListableBeanFactory     
                : Creating shared instance of singleton bean 'org.springframework.boot.autoconfigure.AutoConfigurationPackages'
2024-11-30 20:22:55.236 
                &amp#27;[39mDEBUG&amp#27;[0;39m 
                [main] 
                o.s.b.f.s.DefaultListableBeanFactory     
                : Creating shared instance of singleton bean 'org.springframework.boot.autoconfigure.context.PropertyPlaceholderAutoConfiguration'
2024-11-30 20:22:55.236 
                &amp#27;[39mDEBUG&amp#27;[0;39m 
                [main] 
                o.s.b.f.s.DefaultListableBeanFactory     
                : Creating shared instance of singleton bean 'org.springframework.boot.autoconfigure.ssl.SslAutoConfiguration'
2024-11-30 20:22:55.237 
                &amp#27;[39mDEBUG&amp#27;[0;39m 
                [main] 
                o.s.b.f.s.DefaultListableBeanFactory     
                : Creating shared instance of singleton bean 'spring.ssl-org.springframework.boot.autoconfigure.ssl.SslProperties'
2024-11-30 20:22:55.239 
                &amp#27;[39mDEBUG&amp#27;[0;39m 
                [main] 
                o.s.b.f.s.DefaultListableBeanFactory     
                : Creating shared instance of singleton bean 'org.springframework.boot.context.properties.BoundConfigurationProperties'
2024-11-30 20:22:55.252 
                &amp#27;[39mDEBUG&amp#27;[0;39m 
                [main] 
                o.s.b.f.s.DefaultListableBeanFactory     
                : Autowiring by type from bean name 'org.springframework.boot.autoconfigure.ssl.SslAutoConfiguration' via constructor to bean named 'org.springframework.web.context.support.GenericWebApplicationContext@24e8de5c'
2024-11-30 20:22:55.252 
                &amp#27;[39mDEBUG&amp#27;[0;39m 
                [main] 
                o.s.b.f.s.DefaultListableBeanFactory     
                : Autowiring by type from bean name 'org.springframework.boot.autoconfigure.ssl.SslAutoConfiguration' via constructor to bean named 'spring.ssl-org.springframework.boot.autoconfigure.ssl.SslProperties'
2024-11-30 20:22:55.253 
                &amp#27;[39mDEBUG&amp#27;[0;39m 
                [main] 
                o.s.b.f.s.DefaultListableBeanFactory     
                : Creating shared instance of singleton bean 'fileWatcher'
2024-11-30 20:22:55.254 
                &amp#27;[39mDEBUG&amp#27;[0;39m 
                [main] 
                o.s.b.f.s.DefaultListableBeanFactory     
                : Creating shared instance of singleton bean 'sslPropertiesSslBundleRegistrar'
2024-11-30 20:22:55.254 
                &amp#27;[39mDEBUG&amp#27;[0;39m 
                [main] 
                o.s.b.f.s.DefaultListableBeanFactory     
                : Autowiring by type from bean name 'sslPropertiesSslBundleRegistrar' via factory method to bean named 'fileWatcher'
2024-11-30 20:22:55.263 
                &amp#27;[39mDEBUG&amp#27;[0;39m 
                [main] 
                o.s.b.f.s.DefaultListableBeanFactory     
                : Creating shared instance of singleton bean 'sslBundleRegistry'
2024-11-30 20:22:55.269 
                &amp#27;[39mDEBUG&amp#27;[0;39m 
                [main] 
                o.s.b.f.s.DefaultListableBeanFactory     
                : Creating shared instance of singleton bean 'org.springframework.boot.autoconfigure.websocket.servlet.WebSocketServletAutoConfiguration$TomcatWebSocketConfiguration'
2024-11-30 20:22:55.270 
                &amp#27;[39mDEBUG&amp#27;[0;39m 
                [main] 
                o.s.b.f.s.DefaultListableBeanFactory     
                : Creating shared instance of singleton bean 'websocketServletWebServerCustomizer'
2024-11-30 20:22:55.271 
                &amp#27;[39mDEBUG&amp#27;[0;39m 
                [main] 
                o.s.b.f.s.DefaultListableBeanFactory     
                : Creating shared instance of singleton bean 'org.springframework.boot.autoconfigure.websocket.servlet.WebSocketServletAutoConfiguration'
2024-11-30 20:22:55.272 
                &amp#27;[39mDEBUG&amp#27;[0;39m 
                [main] 
                o.s.b.f.s.DefaultListableBeanFactory     
                : Creating shared instance of singleton bean 'org.springframework.boot.autoconfigure.web.servlet.ServletWebServerFactoryConfiguration$EmbeddedTomcat'
2024-11-30 20:22:55.272 
                &amp#27;[39mDEBUG&amp#27;[0;39m 
                [main] 
                o.s.b.f.s.DefaultListableBeanFactory     
                : Creating shared instance of singleton bean 'tomcatServletWebServerFactory'
2024-11-30 20:22:55.310 
                &amp#27;[39mDEBUG&amp#27;[0;39m 
                [main] 
                o.s.b.f.s.DefaultListableBeanFactory     
                : Creating shared instance of singleton bean 'servletWebServerFactoryCustomizer'
2024-11-30 20:22:55.310 
                &amp#27;[39mDEBUG&amp#27;[0;39m 
                [main] 
                o.s.b.f.s.DefaultListableBeanFactory     
                : Creating shared instance of singleton bean 'org.springframework.boot.autoconfigure.web.servlet.ServletWebServerFactoryAutoConfiguration'
2024-11-30 20:22:55.311 
                &amp#27;[39mDEBUG&amp#27;[0;39m 
                [main] 
                o.s.b.f.s.DefaultListableBeanFactory     
                : Creating shared instance of singleton bean 'server-org.springframework.boot.autoconfigure.web.ServerProperties'
2024-11-30 20:22:55.333 
                &amp#27;[39mDEBUG&amp#27;[0;39m 
                [main] 
                o.s.b.f.s.DefaultListableBeanFactory     
                : Autowiring by type from bean name 'servletWebServerFactoryCustomizer' via factory method to bean named 'server-org.springframework.boot.autoconfigure.web.ServerProperties'
2024-11-30 20:22:55.334 
                &amp#27;[39mDEBUG&amp#27;[0;39m 
                [main] 
                o.s.b.f.s.DefaultListableBeanFactory     
                : Creating shared instance of singleton bean 'tomcatServletWebServerFactoryCustomizer'
2024-11-30 20:22:55.335 
                &amp#27;[39mDEBUG&amp#27;[0;39m 
                [main] 
                o.s.b.f.s.DefaultListableBeanFactory     
                : Autowiring by type from bean name 'tomcatServletWebServerFactoryCustomizer' via factory method to bean named 'server-org.springframework.boot.autoconfigure.web.ServerProperties'
2024-11-30 20:22:55.335 
                &amp#27;[39mDEBUG&amp#27;[0;39m 
                [main] 
                o.s.b.f.s.DefaultListableBeanFactory     
                : Creating shared instance of singleton bean 'localeCharsetMappingsCustomizer'
2024-11-30 20:22:55.335 
                &amp#27;[39mDEBUG&amp#27;[0;39m 
                [main] 
                o.s.b.f.s.DefaultListableBeanFactory     
                : Creating shared instance of singleton bean 'org.springframework.boot.autoconfigure.web.servlet.HttpEncodingAutoConfiguration'
2024-11-30 20:22:55.335 
                &amp#27;[39mDEBUG&amp#27;[0;39m 
                [main] 
                o.s.b.f.s.DefaultListableBeanFactory     
                : Autowiring by type from bean name 'org.springframework.boot.autoconfigure.web.servlet.HttpEncodingAutoConfiguration' via constructor to bean named 'server-org.springframework.boot.autoconfigure.web.ServerProperties'
2024-11-30 20:22:55.355 
                &amp#27;[39mDEBUG&amp#27;[0;39m 
                [main] 
                o.s.b.f.s.DefaultListableBeanFactory     
                : Creating shared instance of singleton bean 'errorPageCustomizer'
2024-11-30 20:22:55.355 
                &amp#27;[39mDEBUG&amp#27;[0;39m 
                [main] 
                o.s.b.f.s.DefaultListableBeanFactory     
                : Creating shared instance of singleton bean 'org.springframework.boot.autoconfigure.web.servlet.error.ErrorMvcAutoConfiguration'
2024-11-30 20:22:55.355 
                &amp#27;[39mDEBUG&amp#27;[0;39m 
                [main] 
                o.s.b.f.s.DefaultListableBeanFactory     
                : Autowiring by type from bean name 'org.springframework.boot.autoconfigure.web.servlet.error.ErrorMvcAutoConfiguration' via constructor to bean named 'server-org.springframework.boot.autoconfigure.web.ServerProperties'
2024-11-30 20:22:55.357 
                &amp#27;[39mDEBUG&amp#27;[0;39m 
                [main] 
                o.s.b.f.s.DefaultListableBeanFactory     
                : Creating shared instance of singleton bean 'dispatcherServletRegistration'
2024-11-30 20:22:55.357 
                &amp#27;[39mDEBUG&amp#27;[0;39m 
                [main] 
                o.s.b.f.s.DefaultListableBeanFactory     
                : Creating shared instance of singleton bean 'org.springframework.boot.autoconfigure.web.servlet.DispatcherServletAutoConfiguration$DispatcherServletRegistrationConfiguration'
2024-11-30 20:22:55.358 
                &amp#27;[39mDEBUG&amp#27;[0;39m 
                [main] 
                o.s.b.f.s.DefaultListableBeanFactory     
                : Creating shared instance of singleton bean 'dispatcherServlet'
2024-11-30 20:22:55.358 
                &amp#27;[39mDEBUG&amp#27;[0;39m 
                [main] 
                o.s.b.f.s.DefaultListableBeanFactory     
                : Creating shared instance of singleton bean 'org.springframework.boot.autoconfigure.web.servlet.DispatcherServletAutoConfiguration$DispatcherServletConfiguration'
2024-11-30 20:22:55.358 
                &amp#27;[39mDEBUG&amp#27;[0;39m 
                [main] 
                o.s.b.f.s.DefaultListableBeanFactory     
                : Creating shared instance of singleton bean 'spring.mvc-org.springframework.boot.autoconfigure.web.servlet.WebMvcProperties'
2024-11-30 20:22:55.365 
                &amp#27;[39mDEBUG&amp#27;[0;39m 
                [main] 
                o.s.b.f.s.DefaultListableBeanFactory     
                : Autowiring by type from bean name 'dispatcherServlet' via factory method to bean named 'spring.mvc-org.springframework.boot.autoconfigure.web.servlet.WebMvcProperties'
2024-11-30 20:22:55.380 
                &amp#27;[39mDEBUG&amp#27;[0;39m 
                [main] 
                o.s.b.f.s.DefaultListableBeanFactory     
                : Autowiring by type from bean name 'dispatcherServletRegistration' via factory method to bean named 'dispatcherServlet'
2024-11-30 20:22:55.380 
                &amp#27;[39mDEBUG&amp#27;[0;39m 
                [main] 
                o.s.b.f.s.DefaultListableBeanFactory     
                : Autowiring by type from bean name 'dispatcherServletRegistration' via factory method to bean named 'spring.mvc-org.springframework.boot.autoconfigure.web.servlet.WebMvcProperties'
2024-11-30 20:22:55.382 
                &amp#27;[39mDEBUG&amp#27;[0;39m 
                [main] 
                o.s.b.f.s.DefaultListableBeanFactory     
                : Creating shared instance of singleton bean 'multipartConfigElement'
2024-11-30 20:22:55.383 
                &amp#27;[39mDEBUG&amp#27;[0;39m 
                [main] 
                o.s.b.f.s.DefaultListableBeanFactory     
                : Creating shared instance of singleton bean 'org.springframework.boot.autoconfigure.web.servlet.MultipartAutoConfiguration'
2024-11-30 20:22:55.383 
                &amp#27;[39mDEBUG&amp#27;[0;39m 
                [main] 
                o.s.b.f.s.DefaultListableBeanFactory     
                : Creating shared instance of singleton bean 'spring.servlet.multipart-org.springframework.boot.autoconfigure.web.servlet.MultipartProperties'
2024-11-30 20:22:55.386 
                &amp#27;[39mDEBUG&amp#27;[0;39m 
                [main] 
                o.s.b.f.s.DefaultListableBeanFactory     
                : Autowiring by type from bean name 'org.springframework.boot.autoconfigure.web.servlet.MultipartAutoConfiguration' via constructor to bean named 'spring.servlet.multipart-org.springframework.boot.autoconfigure.web.servlet.MultipartProperties'
2024-11-30 20:22:55.390 
                &amp#27;[39mDEBUG&amp#27;[0;39m 
                [main] 
                o.s.b.f.s.DefaultListableBeanFactory     
                : Autowiring by type from bean name 'errorPageCustomizer' via factory method to bean named 'dispatcherServletRegistration'
2024-11-30 20:22:55.391 
                &amp#27;[39mDEBUG&amp#27;[0;39m 
                [main] 
                o.s.b.f.s.DefaultListableBeanFactory     
                : Creating shared instance of singleton bean 'org.springframework.boot.autoconfigure.web.servlet.DispatcherServletAutoConfiguration'
2024-11-30 20:22:55.391 
                &amp#27;[39mDEBUG&amp#27;[0;39m 
                [main] 
                o.s.b.f.s.DefaultListableBeanFactory     
                : Creating shared instance of singleton bean 'org.springframework.boot.autoconfigure.task.TaskExecutorConfigurations$ThreadPoolTaskExecutorBuilderConfiguration'
2024-11-30 20:22:55.392 
                &amp#27;[39mDEBUG&amp#27;[0;39m 
                [main] 
                o.s.b.f.s.DefaultListableBeanFactory     
                : Creating shared instance of singleton bean 'threadPoolTaskExecutorBuilder'
2024-11-30 20:22:55.392 
                &amp#27;[39mDEBUG&amp#27;[0;39m 
                [main] 
                o.s.b.f.s.DefaultListableBeanFactory     
                : Creating shared instance of singleton bean 'spring.task.execution-org.springframework.boot.autoconfigure.task.TaskExecutionProperties'
2024-11-30 20:22:55.394 
                &amp#27;[39mDEBUG&amp#27;[0;39m 
                [main] 
                o.s.b.f.s.DefaultListableBeanFactory     
                : Autowiring by type from bean name 'threadPoolTaskExecutorBuilder' via factory method to bean named 'spring.task.execution-org.springframework.boot.autoconfigure.task.TaskExecutionProperties'
2024-11-30 20:22:55.397 
                &amp#27;[39mDEBUG&amp#27;[0;39m 
                [main] 
                o.s.b.f.s.DefaultListableBeanFactory     
                : Creating shared instance of singleton bean 'org.springframework.boot.autoconfigure.task.TaskExecutorConfigurations$TaskExecutorBuilderConfiguration'
2024-11-30 20:22:55.398 
                &amp#27;[39mDEBUG&amp#27;[0;39m 
                [main] 
                o.s.b.f.s.DefaultListableBeanFactory     
                : Creating shared instance of singleton bean 'taskExecutorBuilder'
2024-11-30 20:22:55.398 
                &amp#27;[39mDEBUG&amp#27;[0;39m 
                [main] 
                o.s.b.f.s.DefaultListableBeanFactory     
                : Autowiring by type from bean name 'taskExecutorBuilder' via factory method to bean named 'spring.task.execution-org.springframework.boot.autoconfigure.task.TaskExecutionProperties'
2024-11-30 20:22:55.399 
                &amp#27;[39mDEBUG&amp#27;[0;39m 
                [main] 
                o.s.b.f.s.DefaultListableBeanFactory     
                : Creating shared instance of singleton bean 'org.springframework.boot.autoconfigure.task.TaskExecutorConfigurations$SimpleAsyncTaskExecutorBuilderConfiguration'
2024-11-30 20:22:55.400 
                &amp#27;[39mDEBUG&amp#27;[0;39m 
                [main] 
                o.s.b.f.s.DefaultListableBeanFactory     
                : Autowiring by type from bean name 'org.springframework.boot.autoconfigure.task.TaskExecutorConfigurations$SimpleAsyncTaskExecutorBuilderConfiguration' via constructor to bean named 'spring.task.execution-org.springframework.boot.autoconfigure.task.TaskExecutionProperties'
2024-11-30 20:22:55.400 
                &amp#27;[39mDEBUG&amp#27;[0;39m 
                [main] 
                o.s.b.f.s.DefaultListableBeanFactory     
                : Creating shared instance of singleton bean 'simpleAsyncTaskExecutorBuilder'
2024-11-30 20:22:55.402 
                &amp#27;[39mDEBUG&amp#27;[0;39m 
                [main] 
                o.s.b.f.s.DefaultListableBeanFactory     
                : Creating shared instance of singleton bean 'org.springframework.boot.autoconfigure.task.TaskExecutorConfigurations$TaskExecutorConfiguration'
2024-11-30 20:22:55.403 
                &amp#27;[39mDEBUG&amp#27;[0;39m 
                [main] 
                o.s.b.f.s.DefaultListableBeanFactory     
                : Creating shared instance of singleton bean 'org.springframework.boot.autoconfigure.task.TaskExecutionAutoConfiguration'
2024-11-30 20:22:55.403 
                &amp#27;[39mDEBUG&amp#27;[0;39m 
                [main] 
                o.s.b.f.s.DefaultListableBeanFactory     
                : Creating shared instance of singleton bean 'org.springframework.boot.autoconfigure.validation.ValidationAutoConfiguration'
2024-11-30 20:22:55.404 
                &amp#27;[39mDEBUG&amp#27;[0;39m 
                [main] 
                o.s.b.f.s.DefaultListableBeanFactory     
                : Creating shared instance of singleton bean 'defaultValidator'
2024-11-30 20:22:55.404 
                &amp#27;[39mDEBUG&amp#27;[0;39m 
                [main] 
                o.s.b.f.s.DefaultListableBeanFactory     
                : Autowiring by type from bean name 'defaultValidator' via factory method to bean named 'org.springframework.web.context.support.GenericWebApplicationContext@24e8de5c'
2024-11-30 20:22:55.406 
                &amp#27;[39mDEBUG&amp#27;[0;39m 
                [main] 
                .h.v.m.ResourceBundleMessageInterpolator 
                : Loaded expression factory via original TCCL
2024-11-30 20:22:55.410 
                &amp#27;[39mDEBUG&amp#27;[0;39m 
                [main] 
                o.h.v.i.e.AbstractConfigurationImpl      
                : Setting custom MessageInterpolator of type org.springframework.validation.beanvalidation.LocaleContextMessageInterpolator
2024-11-30 20:22:55.411 
                &amp#27;[39mDEBUG&amp#27;[0;39m 
                [main] 
                o.h.v.i.e.AbstractConfigurationImpl      
                : Setting custom ConstraintValidatorFactory of type org.springframework.validation.beanvalidation.SpringConstraintValidatorFactory
2024-11-30 20:22:55.412 
                &amp#27;[39mDEBUG&amp#27;[0;39m 
                [main] 
                o.h.v.i.xml.config.ValidationXmlParser   
                : Trying to load META-INF/validation.xml for XML based Validator configuration.
2024-11-30 20:22:55.412 
                &amp#27;[39mDEBUG&amp#27;[0;39m 
                [main] 
                o.h.v.i.xml.config.ResourceLoaderHelper  
                : Trying to load META-INF/validation.xml via user class loader
2024-11-30 20:22:55.412 
                &amp#27;[39mDEBUG&amp#27;[0;39m 
                [main] 
                o.h.v.i.xml.config.ResourceLoaderHelper  
                : Trying to load META-INF/validation.xml via TCCL
2024-11-30 20:22:55.413 
                &amp#27;[39mDEBUG&amp#27;[0;39m 
                [main] 
                o.h.v.i.xml.config.ResourceLoaderHelper  
                : Trying to load META-INF/validation.xml via Hibernate Validator's class loader
2024-11-30 20:22:55.413 
                &amp#27;[39mDEBUG&amp#27;[0;39m 
                [main] 
                o.h.v.i.xml.config.ValidationXmlParser   
                : No META-INF/validation.xml found. Using annotation based configuration only.
2024-11-30 20:22:55.414 
                &amp#27;[39mDEBUG&amp#27;[0;39m 
                [main] 
                o.h.v.i.e.resolver.TraversableResolvers  
                : Cannot find jakarta.persistence.Persistence on classpath. Assuming non JPA 2 environment. All properties will per default be traversable.
2024-11-30 20:22:55.415 
                &amp#27;[39mDEBUG&amp#27;[0;39m 
                [main] 
                .i.e.ValidatorFactoryConfigurationHelper 
                : HV000252: Using org.hibernate.validator.internal.engine.DefaultPropertyNodeNameProvider as property node name provider.
2024-11-30 20:22:55.415 
                &amp#27;[39mDEBUG&amp#27;[0;39m 
                [main] 
                .i.e.ValidatorFactoryConfigurationHelper 
                : HV000234: Using org.springframework.validation.beanvalidation.LocaleContextMessageInterpolator as ValidatorFactory-scoped message interpolator.
2024-11-30 20:22:55.415 
                &amp#27;[39mDEBUG&amp#27;[0;39m 
                [main] 
                .i.e.ValidatorFactoryConfigurationHelper 
                : HV000234: Using org.hibernate.validator.internal.engine.resolver.TraverseAllTraversableResolver as ValidatorFactory-scoped traversable resolver.
2024-11-30 20:22:55.415 
                &amp#27;[39mDEBUG&amp#27;[0;39m 
                [main] 
                .i.e.ValidatorFactoryConfigurationHelper 
                : HV000234: Using org.hibernate.validator.internal.util.ExecutableParameterNameProvider as ValidatorFactory-scoped parameter name provider.
2024-11-30 20:22:55.416 
                &amp#27;[39mDEBUG&amp#27;[0;39m 
                [main] 
                .i.e.ValidatorFactoryConfigurationHelper 
                : HV000234: Using org.hibernate.validator.internal.engine.DefaultClockProvider as ValidatorFactory-scoped clock provider.
2024-11-30 20:22:55.416 
                &amp#27;[39mDEBUG&amp#27;[0;39m 
                [main] 
                .i.e.ValidatorFactoryConfigurationHelper 
                : HV000234: Using org.hibernate.validator.internal.engine.scripting.DefaultScriptEvaluatorFactory as ValidatorFactory-scoped script evaluator factory.
2024-11-30 20:22:55.417 
                &amp#27;[39mDEBUG&amp#27;[0;39m 
                [main] 
                o.s.b.f.s.DefaultListableBeanFactory     
                : Creating shared instance of singleton bean 'org.springframework.boot.autoconfigure.web.servlet.error.ErrorMvcAutoConfiguration$WhitelabelErrorViewConfiguration'
2024-11-30 20:22:55.418 
                &amp#27;[39mDEBUG&amp#27;[0;39m 
                [main] 
                o.s.b.f.s.DefaultListableBeanFactory     
                : Creating shared instance of singleton bean 'error'
2024-11-30 20:22:55.419 
                &amp#27;[39mDEBUG&amp#27;[0;39m 
                [main] 
                o.s.b.f.s.DefaultListableBeanFactory     
                : Creating shared instance of singleton bean 'beanNameViewResolver'
2024-11-30 20:22:55.421 
                &amp#27;[39mDEBUG&amp#27;[0;39m 
                [main] 
                o.s.b.f.s.DefaultListableBeanFactory     
                : Creating shared instance of singleton bean 'org.springframework.boot.autoconfigure.web.servlet.error.ErrorMvcAutoConfiguration$DefaultErrorViewResolverConfiguration'
2024-11-30 20:22:55.422 
                &amp#27;[39mDEBUG&amp#27;[0;39m 
                [main] 
                o.s.b.f.s.DefaultListableBeanFactory     
                : Creating shared instance of singleton bean 'spring.web-org.springframework.boot.autoconfigure.web.WebProperties'
2024-11-30 20:22:55.425 
                &amp#27;[39mDEBUG&amp#27;[0;39m 
                [main] 
                o.s.b.f.s.DefaultListableBeanFactory     
                : Autowiring by type from bean name 'org.springframework.boot.autoconfigure.web.servlet.error.ErrorMvcAutoConfiguration$DefaultErrorViewResolverConfiguration' via constructor to bean named 'org.springframework.web.context.support.GenericWebApplicationContext@24e8de5c'
2024-11-30 20:22:55.425 
                &amp#27;[39mDEBUG&amp#27;[0;39m 
                [main] 
                o.s.b.f.s.DefaultListableBeanFactory     
                : Autowiring by type from bean name 'org.springframework.boot.autoconfigure.web.servlet.error.ErrorMvcAutoConfiguration$DefaultErrorViewResolverConfiguration' via constructor to bean named 'spring.web-org.springframework.boot.autoconfigure.web.WebProperties'
2024-11-30 20:22:55.425 
                &amp#27;[39mDEBUG&amp#27;[0;39m 
                [main] 
                o.s.b.f.s.DefaultListableBeanFactory     
                : Creating shared instance of singleton bean 'conventionErrorViewResolver'
2024-11-30 20:22:55.430 
                &amp#27;[39mDEBUG&amp#27;[0;39m 
                [main] 
                o.s.b.f.s.DefaultListableBeanFactory     
                : Creating shared instance of singleton bean 'errorAttributes'
2024-11-30 20:22:55.434 
                &amp#27;[39mDEBUG&amp#27;[0;39m 
                [main] 
                o.s.b.f.s.DefaultListableBeanFactory     
                : Creating shared instance of singleton bean 'basicErrorController'
2024-11-30 20:22:55.435 
                &amp#27;[39mDEBUG&amp#27;[0;39m 
                [main] 
                o.s.b.f.s.DefaultListableBeanFactory     
                : Autowiring by type from bean name 'basicErrorController' via factory method to bean named 'errorAttributes'
2024-11-30 20:22:55.440 
                &amp#27;[39mDEBUG&amp#27;[0;39m 
                [main] 
                o.s.b.f.s.DefaultListableBeanFactory     
                : Creating shared instance of singleton bean 'org.springframework.boot.autoconfigure.web.servlet.WebMvcAutoConfiguration$EnableWebMvcConfiguration'
2024-11-30 20:22:55.441 
                &amp#27;[39mDEBUG&amp#27;[0;39m 
                [main] 
                o.s.b.f.s.DefaultListableBeanFactory     
                : Autowiring by type from bean name 'org.springframework.boot.autoconfigure.web.servlet.WebMvcAutoConfiguration$EnableWebMvcConfiguration' via constructor to bean named 'spring.mvc-org.springframework.boot.autoconfigure.web.servlet.WebMvcProperties'
2024-11-30 20:22:55.441 
                &amp#27;[39mDEBUG&amp#27;[0;39m 
                [main] 
                o.s.b.f.s.DefaultListableBeanFactory     
                : Autowiring by type from bean name 'org.springframework.boot.autoconfigure.web.servlet.WebMvcAutoConfiguration$EnableWebMvcConfiguration' via constructor to bean named 'spring.web-org.springframework.boot.autoconfigure.web.WebProperties'
2024-11-30 20:22:55.441 
                &amp#27;[39mDEBUG&amp#27;[0;39m 
                [main] 
                o.s.b.f.s.DefaultListableBeanFactory     
                : Autowiring by type from bean name 'org.springframework.boot.autoconfigure.web.servlet.WebMvcAutoConfiguration$EnableWebMvcConfiguration' via constructor to bean named 'org.springframework.beans.factory.support.DefaultListableBeanFactory@6050462a'
2024-11-30 20:22:55.446 
                &amp#27;[39mDEBUG&amp#27;[0;39m 
                [main] 
                o.s.b.f.s.DefaultListableBeanFactory     
                : Creating shared instance of singleton bean 'org.springframework.boot.autoconfigure.web.servlet.WebMvcAutoConfiguration$WebMvcAutoConfigurationAdapter'
2024-11-30 20:22:55.447 
                &amp#27;[39mDEBUG&amp#27;[0;39m 
                [main] 
                o.s.b.f.s.DefaultListableBeanFactory     
                : Autowiring by type from bean name 'org.springframework.boot.autoconfigure.web.servlet.WebMvcAutoConfiguration$WebMvcAutoConfigurationAdapter' via constructor to bean named 'spring.web-org.springframework.boot.autoconfigure.web.WebProperties'
2024-11-30 20:22:55.447 
                &amp#27;[39mDEBUG&amp#27;[0;39m 
                [main] 
                o.s.b.f.s.DefaultListableBeanFactory     
                : Autowiring by type from bean name 'org.springframework.boot.autoconfigure.web.servlet.WebMvcAutoConfiguration$WebMvcAutoConfigurationAdapter' via constructor to bean named 'spring.mvc-org.springframework.boot.autoconfigure.web.servlet.WebMvcProperties'
2024-11-30 20:22:55.447 
                &amp#27;[39mDEBUG&amp#27;[0;39m 
                [main] 
                o.s.b.f.s.DefaultListableBeanFactory     
                : Autowiring by type from bean name 'org.springframework.boot.autoconfigure.web.servlet.WebMvcAutoConfiguration$WebMvcAutoConfigurationAdapter' via constructor to bean named 'org.springframework.beans.factory.support.DefaultListableBeanFactory@6050462a'
2024-11-30 20:22:55.449 
                &amp#27;[39mDEBUG&amp#27;[0;39m 
                [main] 
                o.s.b.f.s.DefaultListableBeanFactory     
                : Creating shared instance of singleton bean 'welcomePageHandlerMapping'
2024-11-30 20:22:55.449 
                &amp#27;[39mDEBUG&amp#27;[0;39m 
                [main] 
                o.s.b.f.s.DefaultListableBeanFactory     
                : Creating shared instance of singleton bean 'mvcConversionService'
2024-11-30 20:22:55.453 
                &amp#27;[39mDEBUG&amp#27;[0;39m 
                [main] 
                o.s.b.f.s.DefaultListableBeanFactory     
                : Creating shared instance of singleton bean 'mvcResourceUrlProvider'
2024-11-30 20:22:55.455 
                &amp#27;[39mDEBUG&amp#27;[0;39m 
                [main] 
                o.s.b.f.s.DefaultListableBeanFactory     
                : Autowiring by type from bean name 'welcomePageHandlerMapping' via factory method to bean named 'org.springframework.web.context.support.GenericWebApplicationContext@24e8de5c'
2024-11-30 20:22:55.455 
                &amp#27;[39mDEBUG&amp#27;[0;39m 
                [main] 
                o.s.b.f.s.DefaultListableBeanFactory     
                : Autowiring by type from bean name 'welcomePageHandlerMapping' via factory method to bean named 'mvcConversionService'
2024-11-30 20:22:55.455 
                &amp#27;[39mDEBUG&amp#27;[0;39m 
                [main] 
                o.s.b.f.s.DefaultListableBeanFactory     
                : Autowiring by type from bean name 'welcomePageHandlerMapping' via factory method to bean named 'mvcResourceUrlProvider'
2024-11-30 20:22:55.474 
                &amp#27;[39mDEBUG&amp#27;[0;39m 
                [main] 
                o.s.b.f.s.DefaultListableBeanFactory     
                : Creating shared instance of singleton bean 'welcomePageNotAcceptableHandlerMapping'
2024-11-30 20:22:55.475 
                &amp#27;[39mDEBUG&amp#27;[0;39m 
                [main] 
                o.s.b.f.s.DefaultListableBeanFactory     
                : Autowiring by type from bean name 'welcomePageNotAcceptableHandlerMapping' via factory method to bean named 'org.springframework.web.context.support.GenericWebApplicationContext@24e8de5c'
2024-11-30 20:22:55.475 
                &amp#27;[39mDEBUG&amp#27;[0;39m 
                [main] 
                o.s.b.f.s.DefaultListableBeanFactory     
                : Autowiring by type from bean name 'welcomePageNotAcceptableHandlerMapping' via factory method to bean named 'mvcConversionService'
2024-11-30 20:22:55.475 
                &amp#27;[39mDEBUG&amp#27;[0;39m 
                [main] 
                o.s.b.f.s.DefaultListableBeanFactory     
                : Autowiring by type from bean name 'welcomePageNotAcceptableHandlerMapping' via factory method to bean named 'mvcResourceUrlProvider'
2024-11-30 20:22:55.480 
                &amp#27;[39mDEBUG&amp#27;[0;39m 
                [main] 
                o.s.b.f.s.DefaultListableBeanFactory     
                : Creating shared instance of singleton bean 'localeResolver'
2024-11-30 20:22:55.482 
                &amp#27;[39mDEBUG&amp#27;[0;39m 
                [main] 
                o.s.b.f.s.DefaultListableBeanFactory     
                : Creating shared instance of singleton bean 'themeResolver'
2024-11-30 20:22:55.484 
                &amp#27;[39mDEBUG&amp#27;[0;39m 
                [main] 
                o.s.b.f.s.DefaultListableBeanFactory     
                : Creating shared instance of singleton bean 'flashMapManager'
2024-11-30 20:22:55.486 
                &amp#27;[39mDEBUG&amp#27;[0;39m 
                [main] 
                o.s.b.f.s.DefaultListableBeanFactory     
                : Creating shared instance of singleton bean 'mvcValidator'
2024-11-30 20:22:55.488 
                &amp#27;[39mDEBUG&amp#27;[0;39m 
                [main] 
                o.s.b.f.s.DefaultListableBeanFactory     
                : Creating shared instance of singleton bean 'mvcContentNegotiationManager'
2024-11-30 20:22:55.492 
                &amp#27;[39mDEBUG&amp#27;[0;39m 
                [main] 
                o.s.b.f.s.DefaultListableBeanFactory     
                : Creating shared instance of singleton bean 'requestMappingHandlerMapping'
2024-11-30 20:22:55.494 
                &amp#27;[39mDEBUG&amp#27;[0;39m 
                [main] 
                o.s.b.f.s.DefaultListableBeanFactory     
                : Autowiring by type from bean name 'requestMappingHandlerMapping' via factory method to bean named 'mvcContentNegotiationManager'
2024-11-30 20:22:55.494 
                &amp#27;[39mDEBUG&amp#27;[0;39m 
                [main] 
                o.s.b.f.s.DefaultListableBeanFactory     
                : Autowiring by type from bean name 'requestMappingHandlerMapping' via factory method to bean named 'mvcConversionService'
2024-11-30 20:22:55.494 
                &amp#27;[39mDEBUG&amp#27;[0;39m 
                [main] 
                o.s.b.f.s.DefaultListableBeanFactory     
                : Autowiring by type from bean name 'requestMappingHandlerMapping' via factory method to bean named 'mvcResourceUrlProvider'
2024-11-30 20:22:55.527 
                &amp#27;[39mDEBUG&amp#27;[0;39m 
                [main] 
                _.s.web.servlet.HandlerMapping.Mappings  
                : 
	c.i.p.s.PetsController:
	{POST [/Pet/addPet]}: postPet(Pet)
	{GET [/Pet/{IdPet}]}: getPet(String)
	{DELETE [/Pet/deletePet/{IdPet}]}: deletePet(String)
	{PUT [/Pet/updatePet/{IdPet}]}: updatePet(String,Pet)
	{GET [/Pet/getPets]}: readPet()
2024-11-30 20:22:55.539 
                &amp#27;[39mDEBUG&amp#27;[0;39m 
                [main] 
                _.s.web.servlet.HandlerMapping.Mappings  
                : 
	o.s.b.a.w.s.e.BasicErrorController:
	{ [/error]}: error(HttpServletRequest)
	{ [/error], produces [text/html]}: errorHtml(HttpServletRequest,HttpServletResponse)
2024-11-30 20:22:55.544 
                &amp#27;[39mDEBUG&amp#27;[0;39m 
                [main] 
                s.w.s.m.m.a.RequestMappingHandlerMapping 
                : 7 mappings in 'requestMappingHandlerMapping'
2024-11-30 20:22:55.545 
                &amp#27;[39mDEBUG&amp#27;[0;39m 
                [main] 
                o.s.b.f.s.DefaultListableBeanFactory     
                : Creating shared instance of singleton bean 'mvcPatternParser'
2024-11-30 20:22:55.545 
                &amp#27;[39mDEBUG&amp#27;[0;39m 
                [main] 
                o.s.b.f.s.DefaultListableBeanFactory     
                : Creating shared instance of singleton bean 'mvcUrlPathHelper'
2024-11-30 20:22:55.547 
                &amp#27;[39mDEBUG&amp#27;[0;39m 
                [main] 
                o.s.b.f.s.DefaultListableBeanFactory     
                : Creating shared instance of singleton bean 'mvcPathMatcher'
2024-11-30 20:22:55.547 
                &amp#27;[39mDEBUG&amp#27;[0;39m 
                [main] 
                o.s.b.f.s.DefaultListableBeanFactory     
                : Creating shared instance of singleton bean 'viewControllerHandlerMapping'
2024-11-30 20:22:55.547 
                &amp#27;[39mDEBUG&amp#27;[0;39m 
                [main] 
                o.s.b.f.s.DefaultListableBeanFactory     
                : Autowiring by type from bean name 'viewControllerHandlerMapping' via factory method to bean named 'mvcConversionService'
2024-11-30 20:22:55.547 
                &amp#27;[39mDEBUG&amp#27;[0;39m 
                [main] 
                o.s.b.f.s.DefaultListableBeanFactory     
                : Autowiring by type from bean name 'viewControllerHandlerMapping' via factory method to bean named 'mvcResourceUrlProvider'
2024-11-30 20:22:55.547 
                &amp#27;[39mDEBUG&amp#27;[0;39m 
                [main] 
                o.s.b.f.s.DefaultListableBeanFactory     
                : Creating shared instance of singleton bean 'beanNameHandlerMapping'
2024-11-30 20:22:55.548 
                &amp#27;[39mDEBUG&amp#27;[0;39m 
                [main] 
                o.s.b.f.s.DefaultListableBeanFactory     
                : Autowiring by type from bean name 'beanNameHandlerMapping' via factory method to bean named 'mvcConversionService'
2024-11-30 20:22:55.548 
                &amp#27;[39mDEBUG&amp#27;[0;39m 
                [main] 
                o.s.b.f.s.DefaultListableBeanFactory     
                : Autowiring by type from bean name 'beanNameHandlerMapping' via factory method to bean named 'mvcResourceUrlProvider'
2024-11-30 20:22:55.550 
                &amp#27;[39mDEBUG&amp#27;[0;39m 
                [main] 
                _.s.web.servlet.HandlerMapping.Mappings  
                : 'beanNameHandlerMapping' {}
2024-11-30 20:22:55.551 
                &amp#27;[39mDEBUG&amp#27;[0;39m 
                [main] 
                o.s.b.f.s.DefaultListableBeanFactory     
                : Creating shared instance of singleton bean 'routerFunctionMapping'
2024-11-30 20:22:55.551 
                &amp#27;[39mDEBUG&amp#27;[0;39m 
                [main] 
                o.s.b.f.s.DefaultListableBeanFactory     
                : Autowiring by type from bean name 'routerFunctionMapping' via factory method to bean named 'mvcConversionService'
2024-11-30 20:22:55.551 
                &amp#27;[39mDEBUG&amp#27;[0;39m 
                [main] 
                o.s.b.f.s.DefaultListableBeanFactory     
                : Autowiring by type from bean name 'routerFunctionMapping' via factory method to bean named 'mvcResourceUrlProvider'
2024-11-30 20:22:55.553 
                &amp#27;[39mDEBUG&amp#27;[0;39m 
                [main] 
                o.s.b.f.s.DefaultListableBeanFactory     
                : Creating shared instance of singleton bean 'messageConverters'
2024-11-30 20:22:55.553 
                &amp#27;[39mDEBUG&amp#27;[0;39m 
                [main] 
                o.s.b.f.s.DefaultListableBeanFactory     
                : Creating shared instance of singleton bean 'org.springframework.boot.autoconfigure.http.HttpMessageConvertersAutoConfiguration'
2024-11-30 20:22:55.560 
                &amp#27;[39mDEBUG&amp#27;[0;39m 
                [main] 
                o.s.b.f.s.DefaultListableBeanFactory     
                : Creating shared instance of singleton bean 'stringHttpMessageConverter'
2024-11-30 20:22:55.560 
                &amp#27;[39mDEBUG&amp#27;[0;39m 
                [main] 
                o.s.b.f.s.DefaultListableBeanFactory     
                : Creating shared instance of singleton bean 'org.springframework.boot.autoconfigure.http.HttpMessageConvertersAutoConfiguration$StringHttpMessageConverterConfiguration'
2024-11-30 20:22:55.561 
                &amp#27;[39mDEBUG&amp#27;[0;39m 
                [main] 
                o.s.b.f.s.DefaultListableBeanFactory     
                : Autowiring by type from bean name 'stringHttpMessageConverter' via factory method to bean named 'environment'
2024-11-30 20:22:55.565 
                &amp#27;[39mDEBUG&amp#27;[0;39m 
                [main] 
                o.s.b.f.s.DefaultListableBeanFactory     
                : Creating shared instance of singleton bean 'mappingJackson2HttpMessageConverter'
2024-11-30 20:22:55.566 
                &amp#27;[39mDEBUG&amp#27;[0;39m 
                [main] 
                o.s.b.f.s.DefaultListableBeanFactory     
                : Creating shared instance of singleton bean 'org.springframework.boot.autoconfigure.http.JacksonHttpMessageConvertersConfiguration$MappingJackson2HttpMessageConverterConfiguration'
2024-11-30 20:22:55.567 
                &amp#27;[39mDEBUG&amp#27;[0;39m 
                [main] 
                o.s.b.f.s.DefaultListableBeanFactory     
                : Creating shared instance of singleton bean 'jacksonObjectMapper'
2024-11-30 20:22:55.567 
                &amp#27;[39mDEBUG&amp#27;[0;39m 
                [main] 
                o.s.b.f.s.DefaultListableBeanFactory     
                : Creating shared instance of singleton bean 'org.springframework.boot.autoconfigure.jackson.JacksonAutoConfiguration$JacksonObjectMapperConfiguration'
2024-11-30 20:22:55.568 
                &amp#27;[39mDEBUG&amp#27;[0;39m 
                [main] 
                o.s.b.f.s.DefaultListableBeanFactory     
                : Creating shared instance of singleton bean 'org.springframework.boot.autoconfigure.jackson.JacksonAutoConfiguration$JacksonObjectMapperBuilderConfiguration'
2024-11-30 20:22:55.568 
                &amp#27;[39mDEBUG&amp#27;[0;39m 
                [main] 
                o.s.b.f.s.DefaultListableBeanFactory     
                : Creating shared instance of singleton bean 'standardJacksonObjectMapperBuilderCustomizer'
2024-11-30 20:22:55.569 
                &amp#27;[39mDEBUG&amp#27;[0;39m 
                [main] 
                o.s.b.f.s.DefaultListableBeanFactory     
                : Creating shared instance of singleton bean 'org.springframework.boot.autoconfigure.jackson.JacksonAutoConfiguration$Jackson2ObjectMapperBuilderCustomizerConfiguration'
2024-11-30 20:22:55.569 
                &amp#27;[39mDEBUG&amp#27;[0;39m 
                [main] 
                o.s.b.f.s.DefaultListableBeanFactory     
                : Creating shared instance of singleton bean 'spring.jackson-org.springframework.boot.autoconfigure.jackson.JacksonProperties'
2024-11-30 20:22:55.574 
                &amp#27;[39mDEBUG&amp#27;[0;39m 
                [main] 
                o.s.b.f.s.DefaultListableBeanFactory     
                : Autowiring by type from bean name 'standardJacksonObjectMapperBuilderCustomizer' via factory method to bean named 'spring.jackson-org.springframework.boot.autoconfigure.jackson.JacksonProperties'
2024-11-30 20:22:55.575 
                &amp#27;[39mDEBUG&amp#27;[0;39m 
                [main] 
                o.s.b.f.s.DefaultListableBeanFactory     
                : Creating shared instance of singleton bean 'parameterNamesModule'
2024-11-30 20:22:55.575 
                &amp#27;[39mDEBUG&amp#27;[0;39m 
                [main] 
                o.s.b.f.s.DefaultListableBeanFactory     
                : Creating shared instance of singleton bean 'org.springframework.boot.autoconfigure.jackson.JacksonAutoConfiguration$ParameterNamesModuleConfiguration'
2024-11-30 20:22:55.577 
                &amp#27;[39mDEBUG&amp#27;[0;39m 
                [main] 
                o.s.b.f.s.DefaultListableBeanFactory     
                : Creating shared instance of singleton bean 'jsonMixinModule'
2024-11-30 20:22:55.577 
                &amp#27;[39mDEBUG&amp#27;[0;39m 
                [main] 
                o.s.b.f.s.DefaultListableBeanFactory     
                : Creating shared instance of singleton bean 'org.springframework.boot.autoconfigure.jackson.JacksonAutoConfiguration$JacksonMixinConfiguration'
2024-11-30 20:22:55.578 
                &amp#27;[39mDEBUG&amp#27;[0;39m 
                [main] 
                o.s.b.f.s.DefaultListableBeanFactory     
                : Creating shared instance of singleton bean 'jsonMixinModuleEntries'
2024-11-30 20:22:55.578 
                &amp#27;[39mDEBUG&amp#27;[0;39m 
                [main] 
                o.s.b.f.s.DefaultListableBeanFactory     
                : Autowiring by type from bean name 'jsonMixinModuleEntries' via factory method to bean named 'org.springframework.web.context.support.GenericWebApplicationContext@24e8de5c'
2024-11-30 20:22:55.579 
                &amp#27;[39mDEBUG&amp#27;[0;39m 
                [main] 
                o.s.b.a.AutoConfigurationPackages        
                : @EnableAutoConfiguration was declared on a class in the package 'com.itq.pet'. Automatic @Repository and @Entity scanning is enabled.
2024-11-30 20:22:55.585 
                &amp#27;[39mDEBUG&amp#27;[0;39m 
                [main] 
                o.s.b.f.s.DefaultListableBeanFactory     
                : Autowiring by type from bean name 'jsonMixinModule' via factory method to bean named 'org.springframework.web.context.support.GenericWebApplicationContext@24e8de5c'
2024-11-30 20:22:55.585 
                &amp#27;[39mDEBUG&amp#27;[0;39m 
                [main] 
                o.s.b.f.s.DefaultListableBeanFactory     
                : Autowiring by type from bean name 'jsonMixinModule' via factory method to bean named 'jsonMixinModuleEntries'
2024-11-30 20:22:55.585 
                &amp#27;[39mDEBUG&amp#27;[0;39m 
                [main] 
                o.s.b.f.s.DefaultListableBeanFactory     
                : Creating shared instance of singleton bean 'jsonComponentModule'
2024-11-30 20:22:55.586 
                &amp#27;[39mDEBUG&amp#27;[0;39m 
                [main] 
                o.s.b.f.s.DefaultListableBeanFactory     
                : Creating shared instance of singleton bean 'org.springframework.boot.autoconfigure.jackson.JacksonAutoConfiguration'
2024-11-30 20:22:55.592 
                &amp#27;[39mDEBUG&amp#27;[0;39m 
                [main] 
                o.s.b.f.s.DefaultListableBeanFactory     
                : Autowiring by type from bean name 'jacksonObjectMapperBuilder' via factory method to bean named 'org.springframework.web.context.support.GenericWebApplicationContext@24e8de5c'
2024-11-30 20:22:55.592 
                &amp#27;[39mDEBUG&amp#27;[0;39m 
                [main] 
                o.s.b.f.s.DefaultListableBeanFactory     
                : Autowiring by type from bean name 'jacksonObjectMapperBuilder' via factory method to bean named 'standardJacksonObjectMapperBuilderCustomizer'
2024-11-30 20:22:55.596 
                &amp#27;[39mDEBUG&amp#27;[0;39m 
                [main] 
                o.s.b.f.s.DefaultListableBeanFactory     
                : Autowiring by type from bean name 'jacksonObjectMapper' via factory method to bean named 'jacksonObjectMapperBuilder'
2024-11-30 20:22:55.606 
                &amp#27;[39mDEBUG&amp#27;[0;39m 
                [main] 
                o.s.b.f.s.DefaultListableBeanFactory     
                : Autowiring by type from bean name 'mappingJackson2HttpMessageConverter' via factory method to bean named 'jacksonObjectMapper'
2024-11-30 20:22:55.614 
                &amp#27;[39mDEBUG&amp#27;[0;39m 
                [main] 
                o.s.b.f.s.DefaultListableBeanFactory     
                : Creating shared instance of singleton bean 'resourceHandlerMapping'
2024-11-30 20:22:55.615 
                &amp#27;[39mDEBUG&amp#27;[0;39m 
                [main] 
                o.s.b.f.s.DefaultListableBeanFactory     
                : Autowiring by type from bean name 'resourceHandlerMapping' via factory method to bean named 'mvcContentNegotiationManager'
2024-11-30 20:22:55.615 
                &amp#27;[39mDEBUG&amp#27;[0;39m 
                [main] 
                o.s.b.f.s.DefaultListableBeanFactory     
                : Autowiring by type from bean name 'resourceHandlerMapping' via factory method to bean named 'mvcConversionService'
2024-11-30 20:22:55.615 
                &amp#27;[39mDEBUG&amp#27;[0;39m 
                [main] 
                o.s.b.f.s.DefaultListableBeanFactory     
                : Autowiring by type from bean name 'resourceHandlerMapping' via factory method to bean named 'mvcResourceUrlProvider'
2024-11-30 20:22:55.624 
                &amp#27;[39mDEBUG&amp#27;[0;39m 
                [main] 
                _.s.web.servlet.HandlerMapping.Mappings  
                : 'resourceHandlerMapping' {/webjars/**=ResourceHttpRequestHandler [classpath [META-INF/resources/webjars/]], /**=ResourceHttpRequestHandler [classpath [META-INF/resources/], classpath [resources/], classpath [static/], classpath [public/], ServletContext [/]]}
2024-11-30 20:22:55.625 
                &amp#27;[39mDEBUG&amp#27;[0;39m 
                [main] 
                o.s.b.f.s.DefaultListableBeanFactory     
                : Creating shared instance of singleton bean 'defaultServletHandlerMapping'
2024-11-30 20:22:55.625 
                &amp#27;[39mDEBUG&amp#27;[0;39m 
                [main] 
                o.s.b.f.s.DefaultListableBeanFactory     
                : Creating shared instance of singleton bean 'requestMappingHandlerAdapter'
2024-11-30 20:22:55.627 
                &amp#27;[39mDEBUG&amp#27;[0;39m 
                [main] 
                o.s.b.f.s.DefaultListableBeanFactory     
                : Autowiring by type from bean name 'requestMappingHandlerAdapter' via factory method to bean named 'mvcContentNegotiationManager'
2024-11-30 20:22:55.627 
                &amp#27;[39mDEBUG&amp#27;[0;39m 
                [main] 
                o.s.b.f.s.DefaultListableBeanFactory     
                : Autowiring by type from bean name 'requestMappingHandlerAdapter' via factory method to bean named 'mvcConversionService'
2024-11-30 20:22:55.627 
                &amp#27;[39mDEBUG&amp#27;[0;39m 
                [main] 
                o.s.b.f.s.DefaultListableBeanFactory     
                : Autowiring by type from bean name 'requestMappingHandlerAdapter' via factory method to bean named 'mvcValidator'
2024-11-30 20:22:55.637 
                &amp#27;[39mDEBUG&amp#27;[0;39m 
                [main] 
                o.s.b.f.s.DefaultListableBeanFactory     
                : Creating shared instance of singleton bean 'applicationTaskExecutor'
2024-11-30 20:22:55.638 
                &amp#27;[39mDEBUG&amp#27;[0;39m 
                [main] 
                o.s.b.f.s.DefaultListableBeanFactory     
                : Autowiring by type from bean name 'applicationTaskExecutor' via factory method to bean named 'taskExecutorBuilder'
2024-11-30 20:22:55.653 
                &amp#27;[39mDEBUG&amp#27;[0;39m 
                [main] 
                o.s.s.concurrent.ThreadPoolTaskExecutor  
                : Initializing ExecutorService 'applicationTaskExecutor'
2024-11-30 20:22:55.664 
                &amp#27;[39mDEBUG&amp#27;[0;39m 
                [main] 
                s.w.s.m.m.a.RequestMappingHandlerAdapter 
                : ControllerAdvice beans: 0 @ModelAttribute, 0 @InitBinder, 1 RequestBodyAdvice, 1 ResponseBodyAdvice
2024-11-30 20:22:55.694 
                &amp#27;[39mDEBUG&amp#27;[0;39m 
                [main] 
                o.s.b.f.s.DefaultListableBeanFactory     
                : Creating shared instance of singleton bean 'handlerFunctionAdapter'
2024-11-30 20:22:55.695 
                &amp#27;[39mDEBUG&amp#27;[0;39m 
                [main] 
                o.s.b.f.s.DefaultListableBeanFactory     
                : Creating shared instance of singleton bean 'mvcUriComponentsContributor'
2024-11-30 20:22:55.695 
                &amp#27;[39mDEBUG&amp#27;[0;39m 
                [main] 
                o.s.b.f.s.DefaultListableBeanFactory     
                : Autowiring by type from bean name 'mvcUriComponentsContributor' via factory method to bean named 'mvcConversionService'
2024-11-30 20:22:55.696 
                &amp#27;[39mDEBUG&amp#27;[0;39m 
                [main] 
                o.s.b.f.s.DefaultListableBeanFactory     
                : Autowiring by type from bean name 'mvcUriComponentsContributor' via factory method to bean named 'requestMappingHandlerAdapter'
2024-11-30 20:22:55.697 
                &amp#27;[39mDEBUG&amp#27;[0;39m 
                [main] 
                o.s.b.f.s.DefaultListableBeanFactory     
                : Creating shared instance of singleton bean 'httpRequestHandlerAdapter'
2024-11-30 20:22:55.698 
                &amp#27;[39mDEBUG&amp#27;[0;39m 
                [main] 
                o.s.b.f.s.DefaultListableBeanFactory     
                : Creating shared instance of singleton bean 'simpleControllerHandlerAdapter'
2024-11-30 20:22:55.698 
                &amp#27;[39mDEBUG&amp#27;[0;39m 
                [main] 
                o.s.b.f.s.DefaultListableBeanFactory     
                : Creating shared instance of singleton bean 'handlerExceptionResolver'
2024-11-30 20:22:55.699 
                &amp#27;[39mDEBUG&amp#27;[0;39m 
                [main] 
                o.s.b.f.s.DefaultListableBeanFactory     
                : Autowiring by type from bean name 'handlerExceptionResolver' via factory method to bean named 'mvcContentNegotiationManager'
2024-11-30 20:22:55.701 
                &amp#27;[39mDEBUG&amp#27;[0;39m 
                [main] 
                .m.m.a.ExceptionHandlerExceptionResolver 
                : ControllerAdvice beans: 0 @ExceptionHandler, 1 ResponseBodyAdvice
2024-11-30 20:22:55.703 
                &amp#27;[39mDEBUG&amp#27;[0;39m 
                [main] 
                o.s.b.f.s.DefaultListableBeanFactory     
                : Creating shared instance of singleton bean 'mvcViewResolver'
2024-11-30 20:22:55.703 
                &amp#27;[39mDEBUG&amp#27;[0;39m 
                [main] 
                o.s.b.f.s.DefaultListableBeanFactory     
                : Autowiring by type from bean name 'mvcViewResolver' via factory method to bean named 'mvcContentNegotiationManager'
2024-11-30 20:22:55.705 
                &amp#27;[39mDEBUG&amp#27;[0;39m 
                [main] 
                o.s.b.f.s.DefaultListableBeanFactory     
                : Creating shared instance of singleton bean 'viewNameTranslator'
2024-11-30 20:22:55.705 
                &amp#27;[39mDEBUG&amp#27;[0;39m 
                [main] 
                o.s.b.f.s.DefaultListableBeanFactory     
                : Creating shared instance of singleton bean 'defaultViewResolver'
2024-11-30 20:22:55.710 
                &amp#27;[39mDEBUG&amp#27;[0;39m 
                [main] 
                o.s.b.f.s.DefaultListableBeanFactory     
                : Creating shared instance of singleton bean 'viewResolver'
2024-11-30 20:22:55.711 
                &amp#27;[39mDEBUG&amp#27;[0;39m 
                [main] 
                o.s.b.f.s.DefaultListableBeanFactory     
                : Autowiring by type from bean name 'viewResolver' via factory method to bean named 'org.springframework.beans.factory.support.DefaultListableBeanFactory@6050462a'
2024-11-30 20:22:55.712 
                &amp#27;[39mDEBUG&amp#27;[0;39m 
                [main] 
                o.s.b.f.s.DefaultListableBeanFactory     
                : Creating shared instance of singleton bean 'viewResolver'
2024-11-30 20:22:55.713 
                &amp#27;[39mDEBUG&amp#27;[0;39m 
                [main] 
                o.s.b.f.s.DefaultListableBeanFactory     
                : Creating shared instance of singleton bean 'requestContextFilter'
2024-11-30 20:22:55.718 
                &amp#27;[39mDEBUG&amp#27;[0;39m 
                [main] 
                o.s.b.f.s.DefaultListableBeanFactory     
                : Creating shared instance of singleton bean 'org.springframework.boot.autoconfigure.web.servlet.WebMvcAutoConfiguration'
2024-11-30 20:22:55.718 
                &amp#27;[39mDEBUG&amp#27;[0;39m 
                [main] 
                o.s.b.f.s.DefaultListableBeanFactory     
                : Creating shared instance of singleton bean 'formContentFilter'
2024-11-30 20:22:55.719 
                &amp#27;[39mDEBUG&amp#27;[0;39m 
                [main] 
                o.s.b.f.s.DefaultListableBeanFactory     
                : Creating shared instance of singleton bean 'org.springframework.boot.autoconfigure.aop.AopAutoConfiguration$ClassProxyingConfiguration'
2024-11-30 20:22:55.720 
                &amp#27;[39mDEBUG&amp#27;[0;39m 
                [main] 
                o.s.b.f.s.DefaultListableBeanFactory     
                : Creating shared instance of singleton bean 'org.springframework.boot.autoconfigure.aop.AopAutoConfiguration'
2024-11-30 20:22:55.720 
                &amp#27;[39mDEBUG&amp#27;[0;39m 
                [main] 
                o.s.b.f.s.DefaultListableBeanFactory     
                : Creating shared instance of singleton bean 'org.springframework.boot.autoconfigure.availability.ApplicationAvailabilityAutoConfiguration'
2024-11-30 20:22:55.720 
                &amp#27;[39mDEBUG&amp#27;[0;39m 
                [main] 
                o.s.b.f.s.DefaultListableBeanFactory     
                : Creating shared instance of singleton bean 'applicationAvailability'
2024-11-30 20:22:55.723 
                &amp#27;[39mDEBUG&amp#27;[0;39m 
                [main] 
                o.s.b.f.s.DefaultListableBeanFactory     
                : Creating shared instance of singleton bean 'org.springframework.boot.autoconfigure.context.ConfigurationPropertiesAutoConfiguration'
2024-11-30 20:22:55.723 
                &amp#27;[39mDEBUG&amp#27;[0;39m 
                [main] 
                o.s.b.f.s.DefaultListableBeanFactory     
                : Creating shared instance of singleton bean 'org.springframework.boot.autoconfigure.context.LifecycleAutoConfiguration'
2024-11-30 20:22:55.723 
                &amp#27;[39mDEBUG&amp#27;[0;39m 
                [main] 
                o.s.b.f.s.DefaultListableBeanFactory     
                : Creating shared instance of singleton bean 'lifecycleProcessor'
2024-11-30 20:22:55.724 
                &amp#27;[39mDEBUG&amp#27;[0;39m 
                [main] 
                o.s.b.f.s.DefaultListableBeanFactory     
                : Creating shared instance of singleton bean 'spring.lifecycle-org.springframework.boot.autoconfigure.context.LifecycleProperties'
2024-11-30 20:22:55.725 
                &amp#27;[39mDEBUG&amp#27;[0;39m 
                [main] 
                o.s.b.f.s.DefaultListableBeanFactory     
                : Autowiring by type from bean name 'lifecycleProcessor' via factory method to bean named 'spring.lifecycle-org.springframework.boot.autoconfigure.context.LifecycleProperties'
2024-11-30 20:22:55.726 
                &amp#27;[39mDEBUG&amp#27;[0;39m 
                [main] 
                o.s.b.f.s.DefaultListableBeanFactory     
                : Creating shared instance of singleton bean 'org.springframework.boot.autoconfigure.http.JacksonHttpMessageConvertersConfiguration'
2024-11-30 20:22:55.726 
                &amp#27;[39mDEBUG&amp#27;[0;39m 
                [main] 
                o.s.b.f.s.DefaultListableBeanFactory     
                : Creating shared instance of singleton bean 'org.springframework.boot.autoconfigure.info.ProjectInfoAutoConfiguration'
2024-11-30 20:22:55.729 
                &amp#27;[39mDEBUG&amp#27;[0;39m 
                [main] 
                o.s.b.f.s.DefaultListableBeanFactory     
                : Creating shared instance of singleton bean 'spring.info-org.springframework.boot.autoconfigure.info.ProjectInfoProperties'
2024-11-30 20:22:55.730 
                &amp#27;[39mDEBUG&amp#27;[0;39m 
                [main] 
                o.s.b.f.s.DefaultListableBeanFactory     
                : Autowiring by type from bean name 'org.springframework.boot.autoconfigure.info.ProjectInfoAutoConfiguration' via constructor to bean named 'spring.info-org.springframework.boot.autoconfigure.info.ProjectInfoProperties'
2024-11-30 20:22:55.731 
                &amp#27;[39mDEBUG&amp#27;[0;39m 
                [main] 
                o.s.b.f.s.DefaultListableBeanFactory     
                : Creating shared instance of singleton bean 'org.springframework.boot.autoconfigure.sql.init.SqlInitializationAutoConfiguration'
2024-11-30 20:22:55.731 
                &amp#27;[39mDEBUG&amp#27;[0;39m 
                [main] 
                o.s.b.f.s.DefaultListableBeanFactory     
                : Creating shared instance of singleton bean 'spring.sql.init-org.springframework.boot.autoconfigure.sql.init.SqlInitializationProperties'
2024-11-30 20:22:55.734 
                &amp#27;[39mDEBUG&amp#27;[0;39m 
                [main] 
                o.s.b.f.s.DefaultListableBeanFactory     
                : Creating shared instance of singleton bean 'org.springframework.boot.autoconfigure.task.TaskSchedulingConfigurations$ThreadPoolTaskSchedulerBuilderConfiguration'
2024-11-30 20:22:55.734 
                &amp#27;[39mDEBUG&amp#27;[0;39m 
                [main] 
                o.s.b.f.s.DefaultListableBeanFactory     
                : Creating shared instance of singleton bean 'threadPoolTaskSchedulerBuilder'
2024-11-30 20:22:55.735 
                &amp#27;[39mDEBUG&amp#27;[0;39m 
                [main] 
                o.s.b.f.s.DefaultListableBeanFactory     
                : Creating shared instance of singleton bean 'spring.task.scheduling-org.springframework.boot.autoconfigure.task.TaskSchedulingProperties'
2024-11-30 20:22:55.736 
                &amp#27;[39mDEBUG&amp#27;[0;39m 
                [main] 
                o.s.b.f.s.DefaultListableBeanFactory     
                : Autowiring by type from bean name 'threadPoolTaskSchedulerBuilder' via factory method to bean named 'spring.task.scheduling-org.springframework.boot.autoconfigure.task.TaskSchedulingProperties'
2024-11-30 20:22:55.739 
                &amp#27;[39mDEBUG&amp#27;[0;39m 
                [main] 
                o.s.b.f.s.DefaultListableBeanFactory     
                : Creating shared instance of singleton bean 'org.springframework.boot.autoconfigure.task.TaskSchedulingConfigurations$TaskSchedulerBuilderConfiguration'
2024-11-30 20:22:55.739 
                &amp#27;[39mDEBUG&amp#27;[0;39m 
                [main] 
                o.s.b.f.s.DefaultListableBeanFactory     
                : Creating shared instance of singleton bean 'taskSchedulerBuilder'
2024-11-30 20:22:55.740 
                &amp#27;[39mDEBUG&amp#27;[0;39m 
                [main] 
                o.s.b.f.s.DefaultListableBeanFactory     
                : Autowiring by type from bean name 'taskSchedulerBuilder' via factory method to bean named 'spring.task.scheduling-org.springframework.boot.autoconfigure.task.TaskSchedulingProperties'
2024-11-30 20:22:55.743 
                &amp#27;[39mDEBUG&amp#27;[0;39m 
                [main] 
                o.s.b.f.s.DefaultListableBeanFactory     
                : Creating shared instance of singleton bean 'org.springframework.boot.autoconfigure.task.TaskSchedulingConfigurations$SimpleAsyncTaskSchedulerBuilderConfiguration'
2024-11-30 20:22:55.744 
                &amp#27;[39mDEBUG&amp#27;[0;39m 
                [main] 
                o.s.b.f.s.DefaultListableBeanFactory     
                : Autowiring by type from bean name 'org.springframework.boot.autoconfigure.task.TaskSchedulingConfigurations$SimpleAsyncTaskSchedulerBuilderConfiguration' via constructor to bean named 'spring.task.scheduling-org.springframework.boot.autoconfigure.task.TaskSchedulingProperties'
2024-11-30 20:22:55.744 
                &amp#27;[39mDEBUG&amp#27;[0;39m 
                [main] 
                o.s.b.f.s.DefaultListableBeanFactory     
                : Creating shared instance of singleton bean 'simpleAsyncTaskSchedulerBuilder'
2024-11-30 20:22:55.747 
                &amp#27;[39mDEBUG&amp#27;[0;39m 
                [main] 
                o.s.b.f.s.DefaultListableBeanFactory     
                : Creating shared instance of singleton bean 'org.springframework.boot.autoconfigure.task.TaskSchedulingAutoConfiguration'
2024-11-30 20:22:55.748 
                &amp#27;[39mDEBUG&amp#27;[0;39m 
                [main] 
                o.s.b.f.s.DefaultListableBeanFactory     
                : Creating shared instance of singleton bean 'org.springframework.boot.autoconfigure.web.client.RestClientAutoConfiguration'
2024-11-30 20:22:55.748 
                &amp#27;[39mDEBUG&amp#27;[0;39m 
                [main] 
                o.s.b.f.s.DefaultListableBeanFactory     
                : Creating shared instance of singleton bean 'httpMessageConvertersRestClientCustomizer'
2024-11-30 20:22:55.749 
                &amp#27;[39mDEBUG&amp#27;[0;39m 
                [main] 
                o.s.b.f.s.DefaultListableBeanFactory     
                : Creating shared instance of singleton bean 'restClientSsl'
2024-11-30 20:22:55.749 
                &amp#27;[39mDEBUG&amp#27;[0;39m 
                [main] 
                o.s.b.f.s.DefaultListableBeanFactory     
                : Autowiring by type from bean name 'restClientSsl' via factory method to bean named 'sslBundleRegistry'
2024-11-30 20:22:55.749 
                &amp#27;[39mDEBUG&amp#27;[0;39m 
                [main] 
                o.s.b.f.s.DefaultListableBeanFactory     
                : Creating shared instance of singleton bean 'restClientBuilderConfigurer'
2024-11-30 20:22:55.750 
                &amp#27;[39mDEBUG&amp#27;[0;39m 
                [main] 
                o.s.b.f.s.DefaultListableBeanFactory     
                : Creating shared instance of singleton bean 'org.springframework.boot.autoconfigure.web.client.RestTemplateAutoConfiguration'
2024-11-30 20:22:55.750 
                &amp#27;[39mDEBUG&amp#27;[0;39m 
                [main] 
                o.s.b.f.s.DefaultListableBeanFactory     
                : Creating shared instance of singleton bean 'characterEncodingFilter'
2024-11-30 20:22:55.751 
                &amp#27;[39mDEBUG&amp#27;[0;39m 
                [main] 
                o.s.b.f.s.DefaultListableBeanFactory     
                : Creating shared instance of singleton bean 'multipartResolver'
2024-11-30 20:22:55.767 
                &amp#27;[39mDEBUG&amp#27;[0;39m 
                [main] 
                o.s.c.support.DefaultLifecycleProcessor  
                : Starting beans in phase -2147483647
2024-11-30 20:22:55.768 
                &amp#27;[39mDEBUG&amp#27;[0;39m 
                [main] 
                o.s.c.support.DefaultLifecycleProcessor  
                : Successfully started bean 'springBootLoggingLifecycle'
2024-11-30 20:22:55.768 
                &amp#27;[39mDEBUG&amp#27;[0;39m 
                [main] 
                o.s.c.support.DefaultLifecycleProcessor  
                : Starting beans in phase 2147483647
2024-11-30 20:22:55.779 
                &amp#27;[39mDEBUG&amp#27;[0;39m 
                [main] 
                .s.b.a.l.ConditionEvaluationReportLogger 
                : 


============================
CONDITIONS EVALUATION REPORT
============================


Positive matches:
-----------------

   AopAutoConfiguration matched:
      - @ConditionalOnProperty (spring.aop.auto=true) matched (OnPropertyCondition)

   AopAutoConfiguration.ClassProxyingConfiguration matched:
      - @ConditionalOnMissingClass did not find unwanted class 'org.aspectj.weaver.Advice' (OnClassCondition)
      - @ConditionalOnProperty (spring.aop.proxy-target-class=true) matched (OnPropertyCondition)

   ApplicationAvailabilityAutoConfiguration#applicationAvailability matched:
      - @ConditionalOnMissingBean (types: org.springframework.boot.availability.ApplicationAvailability; SearchStrategy: all) did not find any beans (OnBeanCondition)

   DispatcherServletAutoConfiguration matched:
      - @ConditionalOnClass found required class 'org.springframework.web.servlet.DispatcherServlet' (OnClassCondition)
      - found 'session' scope (OnWebApplicationCondition)

   DispatcherServletAutoConfiguration.DispatcherServletConfiguration matched:
      - @ConditionalOnClass found required class 'jakarta.servlet.ServletRegistration' (OnClassCondition)
      - Default DispatcherServlet did not find dispatcher servlet beans (DispatcherServletAutoConfiguration.DefaultDispatcherServletCondition)

   DispatcherServletAutoConfiguration.DispatcherServletRegistrationConfiguration matched:
      - @ConditionalOnClass found required class 'jakarta.servlet.ServletRegistration' (OnClassCondition)
      - DispatcherServlet Registration did not find servlet registration bean (DispatcherServletAutoConfiguration.DispatcherServletRegistrationCondition)

   DispatcherServletAutoConfiguration.DispatcherServletRegistrationConfiguration#dispatcherServletRegistration matched:
      - @ConditionalOnBean (names: dispatcherServlet types: org.springframework.web.servlet.DispatcherServlet; SearchStrategy: all) found bean 'dispatcherServlet' (OnBeanCondition)

   ErrorMvcAutoConfiguration matched:
      - @ConditionalOnClass found required classes 'jakarta.servlet.Servlet', 'org.springframework.web.servlet.DispatcherServlet' (OnClassCondition)
      - found 'session' scope (OnWebApplicationCondition)

   ErrorMvcAutoConfiguration#basicErrorController matched:
      - @ConditionalOnMissingBean (types: org.springframework.boot.web.servlet.error.ErrorController; SearchStrategy: current) did not find any beans (OnBeanCondition)

   ErrorMvcAutoConfiguration#errorAttributes matched:
      - @ConditionalOnMissingBean (types: org.springframework.boot.web.servlet.error.ErrorAttributes; SearchStrategy: current) did not find any beans (OnBeanCondition)

   ErrorMvcAutoConfiguration.DefaultErrorViewResolverConfiguration#conventionErrorViewResolver matched:
      - @ConditionalOnBean (types: org.springframework.web.servlet.DispatcherServlet; SearchStrategy: all) found bean 'dispatcherServlet'; @ConditionalOnMissingBean (types: org.springframework.boot.autoconfigure.web.servlet.error.ErrorViewResolver; SearchStrategy: all) did not find any beans (OnBeanCondition)

   ErrorMvcAutoConfiguration.WhitelabelErrorViewConfiguration matched:
      - @ConditionalOnProperty (server.error.whitelabel.enabled) matched (OnPropertyCondition)
      - ErrorTemplate Missing did not find error template view (ErrorMvcAutoConfiguration.ErrorTemplateMissingCondition)

   ErrorMvcAutoConfiguration.WhitelabelErrorViewConfiguration#beanNameViewResolver matched:
      - @ConditionalOnMissingBean (types: org.springframework.web.servlet.view.BeanNameViewResolver; SearchStrategy: all) did not find any beans (OnBeanCondition)

   ErrorMvcAutoConfiguration.WhitelabelErrorViewConfiguration#defaultErrorView matched:
      - @ConditionalOnMissingBean (names: error; SearchStrategy: all) did not find any beans (OnBeanCondition)

   GenericCacheConfiguration matched:
      - Cache org.springframework.boot.autoconfigure.cache.GenericCacheConfiguration automatic cache type (CacheCondition)

   HttpEncodingAutoConfiguration matched:
      - @ConditionalOnClass found required class 'org.springframework.web.filter.CharacterEncodingFilter' (OnClassCondition)
      - found 'session' scope (OnWebApplicationCondition)
      - @ConditionalOnProperty (server.servlet.encoding.enabled) matched (OnPropertyCondition)

   HttpEncodingAutoConfiguration#characterEncodingFilter matched:
      - @ConditionalOnMissingBean (types: org.springframework.web.filter.CharacterEncodingFilter; SearchStrategy: all) did not find any beans (OnBeanCondition)

   HttpMessageConvertersAutoConfiguration matched:
      - @ConditionalOnClass found required class 'org.springframework.http.converter.HttpMessageConverter' (OnClassCondition)
      - NoneNestedConditions 0 matched 1 did not; NestedCondition on HttpMessageConvertersAutoConfiguration.NotReactiveWebApplicationCondition.ReactiveWebApplication did not find reactive web application classes (HttpMessageConvertersAutoConfiguration.NotReactiveWebApplicationCondition)

   HttpMessageConvertersAutoConfiguration#messageConverters matched:
      - @ConditionalOnMissingBean (types: org.springframework.boot.autoconfigure.http.HttpMessageConverters; SearchStrategy: all) did not find any beans (OnBeanCondition)

   HttpMessageConvertersAutoConfiguration.StringHttpMessageConverterConfiguration matched:
      - @ConditionalOnClass found required class 'org.springframework.http.converter.StringHttpMessageConverter' (OnClassCondition)

   HttpMessageConvertersAutoConfiguration.StringHttpMessageConverterConfiguration#stringHttpMessageConverter matched:
      - @ConditionalOnMissingBean (types: org.springframework.http.converter.StringHttpMessageConverter; SearchStrategy: all) did not find any beans (OnBeanCondition)

   JacksonAutoConfiguration matched:
      - @ConditionalOnClass found required class 'com.fasterxml.jackson.databind.ObjectMapper' (OnClassCondition)

   JacksonAutoConfiguration.Jackson2ObjectMapperBuilderCustomizerConfiguration matched:
      - @ConditionalOnClass found required class 'org.springframework.http.converter.json.Jackson2ObjectMapperBuilder' (OnClassCondition)

   JacksonAutoConfiguration.JacksonObjectMapperBuilderConfiguration matched:
      - @ConditionalOnClass found required class 'org.springframework.http.converter.json.Jackson2ObjectMapperBuilder' (OnClassCondition)

   JacksonAutoConfiguration.JacksonObjectMapperBuilderConfiguration#jacksonObjectMapperBuilder matched:
      - @ConditionalOnMissingBean (types: org.springframework.http.converter.json.Jackson2ObjectMapperBuilder; SearchStrategy: all) did not find any beans (OnBeanCondition)

   JacksonAutoConfiguration.JacksonObjectMapperConfiguration matched:
      - @ConditionalOnClass found required class 'org.springframework.http.converter.json.Jackson2ObjectMapperBuilder' (OnClassCondition)

   JacksonAutoConfiguration.JacksonObjectMapperConfiguration#jacksonObjectMapper matched:
      - @ConditionalOnMissingBean (types: com.fasterxml.jackson.databind.ObjectMapper; SearchStrategy: all) did not find any beans (OnBeanCondition)

   JacksonAutoConfiguration.ParameterNamesModuleConfiguration matched:
      - @ConditionalOnClass found required class 'com.fasterxml.jackson.module.paramnames.ParameterNamesModule' (OnClassCondition)

   JacksonAutoConfiguration.ParameterNamesModuleConfiguration#parameterNamesModule matched:
      - @ConditionalOnMissingBean (types: com.fasterxml.jackson.module.paramnames.ParameterNamesModule; SearchStrategy: all) did not find any beans (OnBeanCondition)

   JacksonHttpMessageConvertersConfiguration.MappingJackson2HttpMessageConverterConfiguration matched:
      - @ConditionalOnClass found required class 'com.fasterxml.jackson.databind.ObjectMapper' (OnClassCondition)
      - @ConditionalOnProperty (spring.mvc.converters.preferred-json-mapper=jackson) matched (OnPropertyCondition)
      - @ConditionalOnBean (types: com.fasterxml.jackson.databind.ObjectMapper; SearchStrategy: all) found bean 'jacksonObjectMapper' (OnBeanCondition)

   JacksonHttpMessageConvertersConfiguration.MappingJackson2HttpMessageConverterConfiguration#mappingJackson2HttpMessageConverter matched:
      - @ConditionalOnMissingBean (types: org.springframework.http.converter.json.MappingJackson2HttpMessageConverter ignored: org.springframework.hateoas.server.mvc.TypeConstrainedMappingJackson2HttpMessageConverter,org.springframework.data.rest.webmvc.alps.AlpsJsonHttpMessageConverter; SearchStrategy: all) did not find any beans (OnBeanCondition)

   LifecycleAutoConfiguration#defaultLifecycleProcessor matched:
      - @ConditionalOnMissingBean (names: lifecycleProcessor; SearchStrategy: current) did not find any beans (OnBeanCondition)

   MultipartAutoConfiguration matched:
      - @ConditionalOnClass found required classes 'jakarta.servlet.Servlet', 'org.springframework.web.multipart.support.StandardServletMultipartResolver', 'jakarta.servlet.MultipartConfigElement' (OnClassCondition)
      - found 'session' scope (OnWebApplicationCondition)
      - @ConditionalOnProperty (spring.servlet.multipart.enabled) matched (OnPropertyCondition)

   MultipartAutoConfiguration#multipartConfigElement matched:
      - @ConditionalOnMissingBean (types: jakarta.servlet.MultipartConfigElement; SearchStrategy: all) did not find any beans (OnBeanCondition)

   MultipartAutoConfiguration#multipartResolver matched:
      - @ConditionalOnMissingBean (types: org.springframework.web.multipart.MultipartResolver; SearchStrategy: all) did not find any beans (OnBeanCondition)

   NoOpCacheConfiguration matched:
      - Cache org.springframework.boot.autoconfigure.cache.NoOpCacheConfiguration automatic cache type (CacheCondition)

   PropertyPlaceholderAutoConfiguration#propertySourcesPlaceholderConfigurer matched:
      - @ConditionalOnMissingBean (types: org.springframework.context.support.PropertySourcesPlaceholderConfigurer; SearchStrategy: current) did not find any beans (OnBeanCondition)

   RestClientAutoConfiguration matched:
      - @ConditionalOnClass found required class 'org.springframework.web.client.RestClient' (OnClassCondition)
      - NoneNestedConditions 0 matched 1 did not; NestedCondition on NotReactiveWebApplicationCondition.ReactiveWebApplication did not find reactive web application classes (NotReactiveWebApplicationCondition)

   RestClientAutoConfiguration#httpMessageConvertersRestClientCustomizer matched:
      - @ConditionalOnMissingBean (types: org.springframework.boot.autoconfigure.web.client.HttpMessageConvertersRestClientCustomizer; SearchStrategy: all) did not find any beans (OnBeanCondition)

   RestClientAutoConfiguration#restClientBuilder matched:
      - @ConditionalOnMissingBean (types: org.springframework.web.client.RestClient$Builder; SearchStrategy: all) did not find any beans (OnBeanCondition)

   RestClientAutoConfiguration#restClientBuilderConfigurer matched:
      - @ConditionalOnMissingBean (types: org.springframework.boot.autoconfigure.web.client.RestClientBuilderConfigurer; SearchStrategy: all) did not find any beans (OnBeanCondition)

   RestClientAutoConfiguration#restClientSsl matched:
      - @ConditionalOnBean (types: org.springframework.boot.ssl.SslBundles; SearchStrategy: all) found bean 'sslBundleRegistry'; @ConditionalOnMissingBean (types: org.springframework.boot.autoconfigure.web.client.RestClientSsl; SearchStrategy: all) did not find any beans (OnBeanCondition)

   RestTemplateAutoConfiguration matched:
      - @ConditionalOnClass found required class 'org.springframework.web.client.RestTemplate' (OnClassCondition)
      - NoneNestedConditions 0 matched 1 did not; NestedCondition on NotReactiveWebApplicationCondition.ReactiveWebApplication did not find reactive web application classes (NotReactiveWebApplicationCondition)

   RestTemplateAutoConfiguration#restTemplateBuilder matched:
      - @ConditionalOnMissingBean (types: org.springframework.boot.web.client.RestTemplateBuilder; SearchStrategy: all) did not find any beans (OnBeanCondition)

   ServletWebServerFactoryAutoConfiguration matched:
      - @ConditionalOnClass found required class 'jakarta.servlet.ServletRequest' (OnClassCondition)
      - found 'session' scope (OnWebApplicationCondition)

   ServletWebServerFactoryAutoConfiguration#tomcatServletWebServerFactoryCustomizer matched:
      - @ConditionalOnClass found required class 'org.apache.catalina.startup.Tomcat' (OnClassCondition)

   ServletWebServerFactoryConfiguration.EmbeddedTomcat matched:
      - @ConditionalOnClass found required classes 'jakarta.servlet.Servlet', 'org.apache.catalina.startup.Tomcat', 'org.apache.coyote.UpgradeProtocol' (OnClassCondition)
      - @ConditionalOnMissingBean (types: org.springframework.boot.web.servlet.server.ServletWebServerFactory; SearchStrategy: current) did not find any beans (OnBeanCondition)

   SimpleCacheConfiguration matched:
      - Cache org.springframework.boot.autoconfigure.cache.SimpleCacheConfiguration automatic cache type (CacheCondition)

   SqlInitializationAutoConfiguration matched:
      - @ConditionalOnProperty (spring.sql.init.enabled) matched (OnPropertyCondition)
      - NoneNestedConditions 0 matched 1 did not; NestedCondition on SqlInitializationAutoConfiguration.SqlInitializationModeCondition.ModeIsNever @ConditionalOnProperty (spring.sql.init.mode=never) did not find property 'mode' (SqlInitializationAutoConfiguration.SqlInitializationModeCondition)

   SslAutoConfiguration#sslBundleRegistry matched:
      - @ConditionalOnMissingBean (types: org.springframework.boot.ssl.SslBundleRegistry,org.springframework.boot.ssl.SslBundles; SearchStrategy: all) did not find any beans (OnBeanCondition)

   TaskExecutionAutoConfiguration matched:
      - @ConditionalOnClass found required class 'org.springframework.scheduling.concurrent.ThreadPoolTaskExecutor' (OnClassCondition)

   TaskExecutorConfigurations.SimpleAsyncTaskExecutorBuilderConfiguration#simpleAsyncTaskExecutorBuilder matched:
      - @ConditionalOnMissingBean (types: org.springframework.boot.task.SimpleAsyncTaskExecutorBuilder; SearchStrategy: all) did not find any beans (OnBeanCondition)
      - @ConditionalOnThreading found PLATFORM (OnThreadingCondition)

   TaskExecutorConfigurations.TaskExecutorBuilderConfiguration#taskExecutorBuilder matched:
      - @ConditionalOnMissingBean (types: org.springframework.boot.task.TaskExecutorBuilder; SearchStrategy: all) did not find any beans (OnBeanCondition)

   TaskExecutorConfigurations.TaskExecutorConfiguration matched:
      - @ConditionalOnMissingBean (types: java.util.concurrent.Executor; SearchStrategy: all) did not find any beans (OnBeanCondition)

   TaskExecutorConfigurations.TaskExecutorConfiguration#applicationTaskExecutor matched:
      - @ConditionalOnThreading found PLATFORM (OnThreadingCondition)

   TaskExecutorConfigurations.ThreadPoolTaskExecutorBuilderConfiguration#threadPoolTaskExecutorBuilder matched:
      - @ConditionalOnMissingBean (types: org.springframework.boot.task.TaskExecutorBuilder,org.springframework.boot.task.ThreadPoolTaskExecutorBuilder; SearchStrategy: all) did not find any beans (OnBeanCondition)

   TaskSchedulingAutoConfiguration matched:
      - @ConditionalOnClass found required class 'org.springframework.scheduling.concurrent.ThreadPoolTaskScheduler' (OnClassCondition)

   TaskSchedulingConfigurations.SimpleAsyncTaskSchedulerBuilderConfiguration#simpleAsyncTaskSchedulerBuilder matched:
      - @ConditionalOnMissingBean (types: org.springframework.boot.task.SimpleAsyncTaskSchedulerBuilder; SearchStrategy: all) did not find any beans (OnBeanCondition)
      - @ConditionalOnThreading found PLATFORM (OnThreadingCondition)

   TaskSchedulingConfigurations.TaskSchedulerBuilderConfiguration#taskSchedulerBuilder matched:
      - @ConditionalOnMissingBean (types: org.springframework.boot.task.TaskSchedulerBuilder; SearchStrategy: all) did not find any beans (OnBeanCondition)

   TaskSchedulingConfigurations.ThreadPoolTaskSchedulerBuilderConfiguration#threadPoolTaskSchedulerBuilder matched:
      - @ConditionalOnMissingBean (types: org.springframework.boot.task.TaskSchedulerBuilder,org.springframework.boot.task.ThreadPoolTaskSchedulerBuilder; SearchStrategy: all) did not find any beans (OnBeanCondition)

   ValidationAutoConfiguration matched:
      - @ConditionalOnClass found required class 'jakarta.validation.executable.ExecutableValidator' (OnClassCondition)
      - @ConditionalOnResource found location classpath:META-INF/services/jakarta.validation.spi.ValidationProvider (OnResourceCondition)

   ValidationAutoConfiguration#defaultValidator matched:
      - @ConditionalOnMissingBean (types: jakarta.validation.Validator; SearchStrategy: all) did not find any beans (OnBeanCondition)

   ValidationAutoConfiguration#methodValidationPostProcessor matched:
      - @ConditionalOnMissingBean (types: org.springframework.validation.beanvalidation.MethodValidationPostProcessor; SearchStrategy: current) did not find any beans (OnBeanCondition)

   WebMvcAutoConfiguration matched:
      - @ConditionalOnClass found required classes 'jakarta.servlet.Servlet', 'org.springframework.web.servlet.DispatcherServlet', 'org.springframework.web.servlet.config.annotation.WebMvcConfigurer' (OnClassCondition)
      - found 'session' scope (OnWebApplicationCondition)
      - @ConditionalOnMissingBean (types: org.springframework.web.servlet.config.annotation.WebMvcConfigurationSupport; SearchStrategy: all) did not find any beans (OnBeanCondition)

   WebMvcAutoConfiguration#formContentFilter matched:
      - @ConditionalOnProperty (spring.mvc.formcontent.filter.enabled) matched (OnPropertyCondition)
      - @ConditionalOnMissingBean (types: org.springframework.web.filter.FormContentFilter; SearchStrategy: all) did not find any beans (OnBeanCondition)

   WebMvcAutoConfiguration.EnableWebMvcConfiguration#flashMapManager matched:
      - @ConditionalOnMissingBean (names: flashMapManager; SearchStrategy: all) did not find any beans (OnBeanCondition)

   WebMvcAutoConfiguration.EnableWebMvcConfiguration#localeResolver matched:
      - @ConditionalOnMissingBean (names: localeResolver; SearchStrategy: all) did not find any beans (OnBeanCondition)

   WebMvcAutoConfiguration.EnableWebMvcConfiguration#themeResolver matched:
      - @ConditionalOnMissingBean (names: themeResolver; SearchStrategy: all) did not find any beans (OnBeanCondition)

   WebMvcAutoConfiguration.WebMvcAutoConfigurationAdapter#defaultViewResolver matched:
      - @ConditionalOnMissingBean (types: org.springframework.web.servlet.view.InternalResourceViewResolver; SearchStrategy: all) did not find any beans (OnBeanCondition)

   WebMvcAutoConfiguration.WebMvcAutoConfigurationAdapter#requestContextFilter matched:
      - @ConditionalOnMissingBean (types: org.springframework.web.context.request.RequestContextListener,org.springframework.web.filter.RequestContextFilter; SearchStrategy: all) did not find any beans (OnBeanCondition)

   WebMvcAutoConfiguration.WebMvcAutoConfigurationAdapter#viewResolver matched:
      - @ConditionalOnBean (types: org.springframework.web.servlet.ViewResolver; SearchStrategy: all) found beans 'defaultViewResolver', 'beanNameViewResolver', 'mvcViewResolver'; @ConditionalOnMissingBean (names: viewResolver types: org.springframework.web.servlet.view.ContentNegotiatingViewResolver; SearchStrategy: all) did not find any beans (OnBeanCondition)

   WebSocketServletAutoConfiguration matched:
      - @ConditionalOnClass found required classes 'jakarta.servlet.Servlet', 'jakarta.websocket.server.ServerContainer' (OnClassCondition)
      - found 'session' scope (OnWebApplicationCondition)

   WebSocketServletAutoConfiguration.TomcatWebSocketConfiguration matched:
      - @ConditionalOnClass found required classes 'org.apache.catalina.startup.Tomcat', 'org.apache.tomcat.websocket.server.WsSci' (OnClassCondition)

   WebSocketServletAutoConfiguration.TomcatWebSocketConfiguration#websocketServletWebServerCustomizer matched:
      - @ConditionalOnMissingBean (names: websocketServletWebServerCustomizer; SearchStrategy: all) did not find any beans (OnBeanCondition)


Negative matches:
-----------------

   ActiveMQAutoConfiguration:
      Did not match:
         - @ConditionalOnClass did not find required class 'jakarta.jms.ConnectionFactory' (OnClassCondition)

   AopAutoConfiguration.AspectJAutoProxyingConfiguration:
      Did not match:
         - @ConditionalOnClass did not find required class 'org.aspectj.weaver.Advice' (OnClassCondition)

   ArtemisAutoConfiguration:
      Did not match:
         - @ConditionalOnClass did not find required class 'jakarta.jms.ConnectionFactory' (OnClassCondition)

   BatchAutoConfiguration:
      Did not match:
         - @ConditionalOnClass did not find required class 'org.springframework.batch.core.launch.JobLauncher' (OnClassCondition)

   Cache2kCacheConfiguration:
      Did not match:
         - @ConditionalOnClass did not find required class 'org.cache2k.Cache2kBuilder' (OnClassCondition)

   CacheAutoConfiguration:
      Did not match:
         - @ConditionalOnBean (types: org.springframework.cache.interceptor.CacheAspectSupport; SearchStrategy: all) did not find any beans of type org.springframework.cache.interceptor.CacheAspectSupport (OnBeanCondition)
      Matched:
         - @ConditionalOnClass found required class 'org.springframework.cache.CacheManager' (OnClassCondition)

   CacheAutoConfiguration.CacheManagerEntityManagerFactoryDependsOnPostProcessor:
      Did not match:
         - @ConditionalOnClass did not find required class 'org.springframework.orm.jpa.LocalContainerEntityManagerFactoryBean' (OnClassCondition)
         - Ancestor org.springframework.boot.autoconfigure.cache.CacheAutoConfiguration did not match (ConditionEvaluationReport.AncestorsMatchedCondition)

   CaffeineCacheConfiguration:
      Did not match:
         - @ConditionalOnClass did not find required class 'com.github.benmanes.caffeine.cache.Caffeine' (OnClassCondition)

   CassandraAutoConfiguration:
      Did not match:
         - @ConditionalOnClass did not find required class 'com.datastax.oss.driver.api.core.CqlSession' (OnClassCondition)

   CassandraDataAutoConfiguration:
      Did not match:
         - @ConditionalOnClass did not find required class 'com.datastax.oss.driver.api.core.CqlSession' (OnClassCondition)

   CassandraReactiveDataAutoConfiguration:
      Did not match:
         - @ConditionalOnClass did not find required class 'com.datastax.oss.driver.api.core.CqlSession' (OnClassCondition)

   CassandraReactiveRepositoriesAutoConfiguration:
      Did not match:
         - @ConditionalOnClass did not find required class 'org.springframework.data.cassandra.ReactiveSession' (OnClassCondition)

   CassandraRepositoriesAutoConfiguration:
      Did not match:
         - @ConditionalOnClass did not find required class 'com.datastax.oss.driver.api.core.CqlSession' (OnClassCondition)

   ClientHttpConnectorAutoConfiguration:
      Did not match:
         - @ConditionalOnClass did not find required class 'org.springframework.web.reactive.function.client.WebClient' (OnClassCondition)

   CodecsAutoConfiguration:
      Did not match:
         - @ConditionalOnClass did not find required class 'org.springframework.web.reactive.function.client.WebClient' (OnClassCondition)

   CouchbaseAutoConfiguration:
      Did not match:
         - @ConditionalOnClass did not find required class 'com.couchbase.client.java.Cluster' (OnClassCondition)

   CouchbaseCacheConfiguration:
      Did not match:
         - @ConditionalOnClass did not find required class 'com.couchbase.client.java.Cluster' (OnClassCondition)

   CouchbaseDataAutoConfiguration:
      Did not match:
         - @ConditionalOnClass did not find required class 'com.couchbase.client.java.Bucket' (OnClassCondition)

   CouchbaseReactiveDataAutoConfiguration:
      Did not match:
         - @ConditionalOnClass did not find required class 'com.couchbase.client.java.Cluster' (OnClassCondition)

   CouchbaseReactiveRepositoriesAutoConfiguration:
      Did not match:
         - @ConditionalOnClass did not find required class 'com.couchbase.client.java.Cluster' (OnClassCondition)

   CouchbaseRepositoriesAutoConfiguration:
      Did not match:
         - @ConditionalOnClass did not find required class 'com.couchbase.client.java.Bucket' (OnClassCondition)

   DataSourceAutoConfiguration:
      Did not match:
         - @ConditionalOnClass did not find required class 'org.springframework.jdbc.datasource.embedded.EmbeddedDatabaseType' (OnClassCondition)

   DataSourceInitializationConfiguration:
      Did not match:
         - @ConditionalOnClass did not find required class 'org.springframework.jdbc.datasource.init.DatabasePopulator' (OnClassCondition)

   DataSourceTransactionManagerAutoConfiguration:
      Did not match:
         - @ConditionalOnClass did not find required class 'org.springframework.jdbc.core.JdbcTemplate' (OnClassCondition)

   DispatcherServletAutoConfiguration.DispatcherServletConfiguration#multipartResolver:
      Did not match:
         - @ConditionalOnBean (types: org.springframework.web.multipart.MultipartResolver; SearchStrategy: all) did not find any beans of type org.springframework.web.multipart.MultipartResolver (OnBeanCondition)

   ElasticsearchClientAutoConfiguration:
      Did not match:
         - @ConditionalOnClass did not find required class 'co.elastic.clients.elasticsearch.ElasticsearchClient' (OnClassCondition)

   ElasticsearchDataAutoConfiguration:
      Did not match:
         - @ConditionalOnClass did not find required class 'org.springframework.data.elasticsearch.client.elc.ElasticsearchTemplate' (OnClassCondition)

   ElasticsearchRepositoriesAutoConfiguration:
      Did not match:
         - @ConditionalOnClass did not find required class 'org.springframework.data.elasticsearch.repository.ElasticsearchRepository' (OnClassCondition)

   ElasticsearchRestClientAutoConfiguration:
      Did not match:
         - @ConditionalOnClass did not find required class 'org.elasticsearch.client.RestClientBuilder' (OnClassCondition)

   EmbeddedLdapAutoConfiguration:
      Did not match:
         - @ConditionalOnClass did not find required class 'com.unboundid.ldap.listener.InMemoryDirectoryServer' (OnClassCondition)

   EmbeddedWebServerFactoryCustomizerAutoConfiguration:
      Did not match:
         - Application is deployed as a WAR file. (OnWarDeploymentCondition)
      Matched:
         - @ConditionalOnWebApplication (required) found 'session' scope (OnWebApplicationCondition)

   ErrorWebFluxAutoConfiguration:
      Did not match:
         - @ConditionalOnClass did not find required class 'org.springframework.web.reactive.config.WebFluxConfigurer' (OnClassCondition)

   FlywayAutoConfiguration:
      Did not match:
         - @ConditionalOnClass did not find required class 'org.flywaydb.core.Flyway' (OnClassCondition)

   FreeMarkerAutoConfiguration:
      Did not match:
         - @ConditionalOnClass did not find required class 'freemarker.template.Configuration' (OnClassCondition)

   GraphQlAutoConfiguration:
      Did not match:
         - @ConditionalOnClass did not find required class 'graphql.GraphQL' (OnClassCondition)

   GraphQlQueryByExampleAutoConfiguration:
      Did not match:
         - @ConditionalOnClass did not find required class 'graphql.GraphQL' (OnClassCondition)

   GraphQlQuerydslAutoConfiguration:
      Did not match:
         - @ConditionalOnClass did not find required class 'com.querydsl.core.Query' (OnClassCondition)

   GraphQlRSocketAutoConfiguration:
      Did not match:
         - @ConditionalOnClass did not find required class 'graphql.GraphQL' (OnClassCondition)

   GraphQlReactiveQueryByExampleAutoConfiguration:
      Did not match:
         - @ConditionalOnClass did not find required class 'graphql.GraphQL' (OnClassCondition)

   GraphQlReactiveQuerydslAutoConfiguration:
      Did not match:
         - @ConditionalOnClass did not find required class 'com.querydsl.core.Query' (OnClassCondition)

   GraphQlWebFluxAutoConfiguration:
      Did not match:
         - @ConditionalOnClass did not find required class 'graphql.GraphQL' (OnClassCondition)

   GraphQlWebFluxSecurityAutoConfiguration:
      Did not match:
         - @ConditionalOnClass did not find required class 'graphql.GraphQL' (OnClassCondition)

   GraphQlWebMvcAutoConfiguration:
      Did not match:
         - @ConditionalOnClass did not find required class 'graphql.GraphQL' (OnClassCondition)

   GraphQlWebMvcSecurityAutoConfiguration:
      Did not match:
         - @ConditionalOnClass did not find required class 'graphql.GraphQL' (OnClassCondition)

   GroovyTemplateAutoConfiguration:
      Did not match:
         - @ConditionalOnClass did not find required class 'groovy.text.markup.MarkupTemplateEngine' (OnClassCondition)

   GsonAutoConfiguration:
      Did not match:
         - @ConditionalOnClass did not find required class 'com.google.gson.Gson' (OnClassCondition)

   GsonHttpMessageConvertersConfiguration:
      Did not match:
         - @ConditionalOnClass did not find required class 'com.google.gson.Gson' (OnClassCondition)

   H2ConsoleAutoConfiguration:
      Did not match:
         - @ConditionalOnClass did not find required class 'org.h2.server.web.JakartaWebServlet' (OnClassCondition)

   HazelcastAutoConfiguration:
      Did not match:
         - @ConditionalOnClass did not find required class 'com.hazelcast.core.HazelcastInstance' (OnClassCondition)

   HazelcastCacheConfiguration:
      Did not match:
         - @ConditionalOnClass did not find required class 'com.hazelcast.core.HazelcastInstance' (OnClassCondition)

   HazelcastJpaDependencyAutoConfiguration:
      Did not match:
         - @ConditionalOnClass did not find required class 'com.hazelcast.core.HazelcastInstance' (OnClassCondition)

   HibernateJpaAutoConfiguration:
      Did not match:
         - @ConditionalOnClass did not find required class 'jakarta.persistence.EntityManager' (OnClassCondition)

   HttpHandlerAutoConfiguration:
      Did not match:
         - @ConditionalOnClass did not find required class 'org.springframework.web.reactive.DispatcherHandler' (OnClassCondition)

   HypermediaAutoConfiguration:
      Did not match:
         - @ConditionalOnClass did not find required class 'org.springframework.hateoas.EntityModel' (OnClassCondition)

   InfinispanCacheConfiguration:
      Did not match:
         - @ConditionalOnClass did not find required class 'org.infinispan.spring.embedded.provider.SpringEmbeddedCacheManager' (OnClassCondition)

   InfluxDbAutoConfiguration:
      Did not match:
         - @ConditionalOnClass did not find required class 'org.influxdb.InfluxDB' (OnClassCondition)

   IntegrationAutoConfiguration:
      Did not match:
         - @ConditionalOnClass did not find required class 'org.springframework.integration.config.EnableIntegration' (OnClassCondition)

   JCacheCacheConfiguration:
      Did not match:
         - @ConditionalOnClass did not find required class 'javax.cache.Caching' (OnClassCondition)

   JacksonHttpMessageConvertersConfiguration.MappingJackson2XmlHttpMessageConverterConfiguration:
      Did not match:
         - @ConditionalOnClass did not find required class 'com.fasterxml.jackson.dataformat.xml.XmlMapper' (OnClassCondition)

   JdbcClientAutoConfiguration:
      Did not match:
         - @ConditionalOnSingleCandidate did not find required type 'org.springframework.jdbc.core.namedparam.NamedParameterJdbcTemplate' (OnBeanCondition)

   JdbcRepositoriesAutoConfiguration:
      Did not match:
         - @ConditionalOnClass did not find required class 'org.springframework.data.jdbc.repository.config.AbstractJdbcConfiguration' (OnClassCondition)

   JdbcTemplateAutoConfiguration:
      Did not match:
         - @ConditionalOnClass did not find required class 'org.springframework.jdbc.core.JdbcTemplate' (OnClassCondition)

   JerseyAutoConfiguration:
      Did not match:
         - @ConditionalOnClass did not find required class 'org.glassfish.jersey.server.spring.SpringComponentProvider' (OnClassCondition)

   JmsAutoConfiguration:
      Did not match:
         - @ConditionalOnClass did not find required class 'jakarta.jms.Message' (OnClassCondition)

   JmxAutoConfiguration:
      Did not match:
         - @ConditionalOnProperty (spring.jmx.enabled=true) found different value in property 'enabled' (OnPropertyCondition)
      Matched:
         - @ConditionalOnClass found required class 'org.springframework.jmx.export.MBeanExporter' (OnClassCondition)

   JndiConnectionFactoryAutoConfiguration:
      Did not match:
         - @ConditionalOnClass did not find required class 'org.springframework.jms.core.JmsTemplate' (OnClassCondition)

   JndiDataSourceAutoConfiguration:
      Did not match:
         - @ConditionalOnClass did not find required class 'org.springframework.jdbc.datasource.embedded.EmbeddedDatabaseType' (OnClassCondition)

   JooqAutoConfiguration:
      Did not match:
         - @ConditionalOnClass did not find required class 'org.jooq.DSLContext' (OnClassCondition)

   JpaRepositoriesAutoConfiguration:
      Did not match:
         - @ConditionalOnClass did not find required class 'org.springframework.data.jpa.repository.JpaRepository' (OnClassCondition)

   JsonbAutoConfiguration:
      Did not match:
         - @ConditionalOnClass did not find required class 'jakarta.json.bind.Jsonb' (OnClassCondition)

   JsonbHttpMessageConvertersConfiguration:
      Did not match:
         - @ConditionalOnClass did not find required class 'jakarta.json.bind.Jsonb' (OnClassCondition)

   JtaAutoConfiguration:
      Did not match:
         - @ConditionalOnClass did not find required class 'jakarta.transaction.Transaction' (OnClassCondition)

   KafkaAutoConfiguration:
      Did not match:
         - @ConditionalOnClass did not find required class 'org.springframework.kafka.core.KafkaTemplate' (OnClassCondition)

   LdapAutoConfiguration:
      Did not match:
         - @ConditionalOnClass did not find required class 'org.springframework.ldap.core.ContextSource' (OnClassCondition)

   LdapRepositoriesAutoConfiguration:
      Did not match:
         - @ConditionalOnClass did not find required class 'org.springframework.data.ldap.repository.LdapRepository' (OnClassCondition)

   LiquibaseAutoConfiguration:
      Did not match:
         - @ConditionalOnClass did not find required class 'liquibase.change.DatabaseChange' (OnClassCondition)

   MailSenderAutoConfiguration:
      Did not match:
         - @ConditionalOnClass did not find required class 'jakarta.mail.internet.MimeMessage' (OnClassCondition)

   MailSenderValidatorAutoConfiguration:
      Did not match:
         - @ConditionalOnSingleCandidate did not find required type 'org.springframework.mail.javamail.JavaMailSenderImpl' (OnBeanCondition)

   MessageSourceAutoConfiguration:
      Did not match:
         - ResourceBundle did not find bundle with basename messages (MessageSourceAutoConfiguration.ResourceBundleCondition)

   MongoAutoConfiguration:
      Did not match:
         - @ConditionalOnClass did not find required class 'com.mongodb.client.MongoClient' (OnClassCondition)

   MongoDataAutoConfiguration:
      Did not match:
         - @ConditionalOnClass did not find required class 'com.mongodb.client.MongoClient' (OnClassCondition)

   MongoReactiveAutoConfiguration:
      Did not match:
         - @ConditionalOnClass did not find required class 'com.mongodb.reactivestreams.client.MongoClient' (OnClassCondition)

   MongoReactiveDataAutoConfiguration:
      Did not match:
         - @ConditionalOnClass did not find required class 'com.mongodb.reactivestreams.client.MongoClient' (OnClassCondition)

   MongoReactiveRepositoriesAutoConfiguration:
      Did not match:
         - @ConditionalOnClass did not find required class 'com.mongodb.reactivestreams.client.MongoClient' (OnClassCondition)

   MongoRepositoriesAutoConfiguration:
      Did not match:
         - @ConditionalOnClass did not find required class 'com.mongodb.client.MongoClient' (OnClassCondition)

   MustacheAutoConfiguration:
      Did not match:
         - @ConditionalOnClass did not find required class 'com.samskivert.mustache.Mustache' (OnClassCondition)

   Neo4jAutoConfiguration:
      Did not match:
         - @ConditionalOnClass did not find required class 'org.neo4j.driver.Driver' (OnClassCondition)

   Neo4jDataAutoConfiguration:
      Did not match:
         - @ConditionalOnClass did not find required class 'org.neo4j.driver.Driver' (OnClassCondition)

   Neo4jReactiveDataAutoConfiguration:
      Did not match:
         - @ConditionalOnClass did not find required class 'org.neo4j.driver.Driver' (OnClassCondition)

   Neo4jReactiveRepositoriesAutoConfiguration:
      Did not match:
         - @ConditionalOnClass did not find required class 'org.neo4j.driver.Driver' (OnClassCondition)

   Neo4jRepositoriesAutoConfiguration:
      Did not match:
         - @ConditionalOnClass did not find required class 'org.neo4j.driver.Driver' (OnClassCondition)

   NettyAutoConfiguration:
      Did not match:
         - @ConditionalOnClass did not find required class 'io.netty.util.NettyRuntime' (OnClassCondition)

   OAuth2AuthorizationServerAutoConfiguration:
      Did not match:
         - @ConditionalOnClass did not find required class 'org.springframework.security.oauth2.server.authorization.OAuth2Authorization' (OnClassCondition)

   OAuth2AuthorizationServerJwtAutoConfiguration:
      Did not match:
         - @ConditionalOnClass did not find required class 'org.springframework.security.oauth2.server.authorization.OAuth2Authorization' (OnClassCondition)

   OAuth2ClientAutoConfiguration:
      Did not match:
         - @ConditionalOnClass did not find required class 'org.springframework.security.config.annotation.web.configuration.EnableWebSecurity' (OnClassCondition)

   OAuth2ResourceServerAutoConfiguration:
      Did not match:
         - @ConditionalOnClass did not find required class 'org.springframework.security.oauth2.server.resource.authentication.BearerTokenAuthenticationToken' (OnClassCondition)

   PersistenceExceptionTranslationAutoConfiguration:
      Did not match:
         - @ConditionalOnClass did not find required class 'org.springframework.dao.annotation.PersistenceExceptionTranslationPostProcessor' (OnClassCondition)

   ProjectInfoAutoConfiguration#buildProperties:
      Did not match:
         - @ConditionalOnResource did not find resource '${spring.info.build.location:classpath:META-INF/build-info.properties}' (OnResourceCondition)

   ProjectInfoAutoConfiguration#gitProperties:
      Did not match:
         - GitResource did not find git info at classpath:git.properties (ProjectInfoAutoConfiguration.GitResourceAvailableCondition)

   PulsarAutoConfiguration:
      Did not match:
         - @ConditionalOnClass did not find required class 'org.apache.pulsar.client.api.PulsarClient' (OnClassCondition)

   PulsarReactiveAutoConfiguration:
      Did not match:
         - @ConditionalOnClass did not find required class 'org.apache.pulsar.client.api.PulsarClient' (OnClassCondition)

   QuartzAutoConfiguration:
      Did not match:
         - @ConditionalOnClass did not find required class 'org.quartz.Scheduler' (OnClassCondition)

   R2dbcAutoConfiguration:
      Did not match:
         - @ConditionalOnClass did not find required class 'io.r2dbc.spi.ConnectionFactory' (OnClassCondition)

   R2dbcDataAutoConfiguration:
      Did not match:
         - @ConditionalOnClass did not find required class 'org.springframework.data.r2dbc.core.R2dbcEntityTemplate' (OnClassCondition)

   R2dbcInitializationConfiguration:
      Did not match:
         - @ConditionalOnClass did not find required classes 'io.r2dbc.spi.ConnectionFactory', 'org.springframework.r2dbc.connection.init.DatabasePopulator' (OnClassCondition)

   R2dbcRepositoriesAutoConfiguration:
      Did not match:
         - @ConditionalOnClass did not find required class 'io.r2dbc.spi.ConnectionFactory' (OnClassCondition)

   R2dbcTransactionManagerAutoConfiguration:
      Did not match:
         - @ConditionalOnClass did not find required class 'org.springframework.r2dbc.connection.R2dbcTransactionManager' (OnClassCondition)

   RSocketGraphQlClientAutoConfiguration:
      Did not match:
         - @ConditionalOnClass did not find required class 'graphql.GraphQL' (OnClassCondition)

   RSocketMessagingAutoConfiguration:
      Did not match:
         - @ConditionalOnClass did not find required class 'io.rsocket.RSocket' (OnClassCondition)

   RSocketRequesterAutoConfiguration:
      Did not match:
         - @ConditionalOnClass did not find required class 'io.rsocket.RSocket' (OnClassCondition)

   RSocketSecurityAutoConfiguration:
      Did not match:
         - @ConditionalOnClass did not find required class 'org.springframework.security.rsocket.core.SecuritySocketAcceptorInterceptor' (OnClassCondition)

   RSocketServerAutoConfiguration:
      Did not match:
         - @ConditionalOnClass did not find required class 'io.rsocket.core.RSocketServer' (OnClassCondition)

   RSocketStrategiesAutoConfiguration:
      Did not match:
         - @ConditionalOnClass did not find required class 'io.netty.buffer.PooledByteBufAllocator' (OnClassCondition)

   RabbitAutoConfiguration:
      Did not match:
         - @ConditionalOnClass did not find required class 'com.rabbitmq.client.Channel' (OnClassCondition)

   ReactiveElasticsearchClientAutoConfiguration:
      Did not match:
         - @ConditionalOnClass did not find required class 'co.elastic.clients.transport.ElasticsearchTransport' (OnClassCondition)

   ReactiveElasticsearchRepositoriesAutoConfiguration:
      Did not match:
         - @ConditionalOnClass did not find required class 'reactor.core.publisher.Mono' (OnClassCondition)

   ReactiveMultipartAutoConfiguration:
      Did not match:
         - @ConditionalOnClass did not find required class 'org.springframework.web.reactive.config.WebFluxConfigurer' (OnClassCondition)

   ReactiveOAuth2ClientAutoConfiguration:
      Did not match:
         - @ConditionalOnClass did not find required class 'reactor.core.publisher.Flux' (OnClassCondition)

   ReactiveOAuth2ResourceServerAutoConfiguration:
      Did not match:
         - @ConditionalOnClass did not find required class 'org.springframework.security.config.annotation.web.reactive.EnableWebFluxSecurity' (OnClassCondition)

   ReactiveSecurityAutoConfiguration:
      Did not match:
         - @ConditionalOnClass did not find required class 'reactor.core.publisher.Flux' (OnClassCondition)

   ReactiveUserDetailsServiceAutoConfiguration:
      Did not match:
         - @ConditionalOnClass did not find required class 'org.springframework.security.authentication.ReactiveAuthenticationManager' (OnClassCondition)

   ReactiveWebServerFactoryAutoConfiguration:
      Did not match:
         - @ConditionalOnWebApplication did not find reactive web application classes (OnWebApplicationCondition)

   ReactorAutoConfiguration:
      Did not match:
         - @ConditionalOnClass did not find required class 'reactor.core.publisher.Hooks' (OnClassCondition)

   RedisAutoConfiguration:
      Did not match:
         - @ConditionalOnClass did not find required class 'org.springframework.data.redis.core.RedisOperations' (OnClassCondition)

   RedisCacheConfiguration:
      Did not match:
         - @ConditionalOnClass did not find required class 'org.springframework.data.redis.connection.RedisConnectionFactory' (OnClassCondition)

   RedisReactiveAutoConfiguration:
      Did not match:
         - @ConditionalOnClass did not find required class 'reactor.core.publisher.Flux' (OnClassCondition)

   RedisRepositoriesAutoConfiguration:
      Did not match:
         - @ConditionalOnClass did not find required class 'org.springframework.data.redis.repository.configuration.EnableRedisRepositories' (OnClassCondition)

   RepositoryRestMvcAutoConfiguration:
      Did not match:
         - @ConditionalOnClass did not find required class 'org.springframework.data.rest.webmvc.config.RepositoryRestMvcConfiguration' (OnClassCondition)

   Saml2RelyingPartyAutoConfiguration:
      Did not match:
         - @ConditionalOnClass did not find required class 'org.springframework.security.saml2.provider.service.registration.RelyingPartyRegistrationRepository' (OnClassCondition)

   SecurityAutoConfiguration:
      Did not match:
         - @ConditionalOnClass did not find required class 'org.springframework.security.authentication.DefaultAuthenticationEventPublisher' (OnClassCondition)

   SecurityFilterAutoConfiguration:
      Did not match:
         - @ConditionalOnClass did not find required class 'org.springframework.security.config.http.SessionCreationPolicy' (OnClassCondition)

   SendGridAutoConfiguration:
      Did not match:
         - @ConditionalOnClass did not find required class 'com.sendgrid.SendGrid' (OnClassCondition)

   ServletWebServerFactoryAutoConfiguration.ForwardedHeaderFilterConfiguration:
      Did not match:
         - @ConditionalOnProperty (server.forward-headers-strategy=framework) did not find property 'server.forward-headers-strategy' (OnPropertyCondition)

   ServletWebServerFactoryConfiguration.EmbeddedJetty:
      Did not match:
         - @ConditionalOnClass did not find required classes 'org.eclipse.jetty.server.Server', 'org.eclipse.jetty.util.Loader', 'org.eclipse.jetty.ee10.webapp.WebAppContext' (OnClassCondition)

   ServletWebServerFactoryConfiguration.EmbeddedUndertow:
      Did not match:
         - @ConditionalOnClass did not find required classes 'io.undertow.Undertow', 'org.xnio.SslClientAuthMode' (OnClassCondition)

   SessionAutoConfiguration:
      Did not match:
         - @ConditionalOnClass did not find required class 'org.springframework.session.Session' (OnClassCondition)

   SpringApplicationAdminJmxAutoConfiguration:
      Did not match:
         - @ConditionalOnProperty (spring.application.admin.enabled=true) did not find property 'enabled' (OnPropertyCondition)

   SpringDataWebAutoConfiguration:
      Did not match:
         - @ConditionalOnClass did not find required class 'org.springframework.data.web.PageableHandlerMethodArgumentResolver' (OnClassCondition)

   TaskExecutorConfigurations.SimpleAsyncTaskExecutorBuilderConfiguration#simpleAsyncTaskExecutorBuilderVirtualThreads:
      Did not match:
         - @ConditionalOnMissingBean (types: org.springframework.boot.task.SimpleAsyncTaskExecutorBuilder; SearchStrategy: all) found beans of type 'org.springframework.boot.task.SimpleAsyncTaskExecutorBuilder' simpleAsyncTaskExecutorBuilder (OnBeanCondition)

   TaskExecutorConfigurations.TaskExecutorConfiguration#applicationTaskExecutorVirtualThreads:
      Did not match:
         - @ConditionalOnThreading did not find VIRTUAL (OnThreadingCondition)

   TaskSchedulingAutoConfiguration#scheduledBeanLazyInitializationExcludeFilter:
      Did not match:
         - @ConditionalOnBean (names: org.springframework.context.annotation.internalScheduledAnnotationProcessor; SearchStrategy: all) did not find any beans named org.springframework.context.annotation.internalScheduledAnnotationProcessor (OnBeanCondition)

   TaskSchedulingConfigurations.SimpleAsyncTaskSchedulerBuilderConfiguration#simpleAsyncTaskSchedulerBuilderVirtualThreads:
      Did not match:
         - @ConditionalOnMissingBean (types: org.springframework.boot.task.SimpleAsyncTaskSchedulerBuilder; SearchStrategy: all) found beans of type 'org.springframework.boot.task.SimpleAsyncTaskSchedulerBuilder' simpleAsyncTaskSchedulerBuilder (OnBeanCondition)

   TaskSchedulingConfigurations.TaskSchedulerConfiguration:
      Did not match:
         - @ConditionalOnBean (names: org.springframework.context.annotation.internalScheduledAnnotationProcessor; SearchStrategy: all) did not find any beans named org.springframework.context.annotation.internalScheduledAnnotationProcessor (OnBeanCondition)

   ThymeleafAutoConfiguration:
      Did not match:
         - @ConditionalOnClass did not find required class 'org.thymeleaf.spring6.SpringTemplateEngine' (OnClassCondition)

   TransactionAutoConfiguration:
      Did not match:
         - @ConditionalOnClass did not find required class 'org.springframework.transaction.PlatformTransactionManager' (OnClassCondition)

   TransactionManagerCustomizationAutoConfiguration:
      Did not match:
         - @ConditionalOnClass did not find required class 'org.springframework.transaction.PlatformTransactionManager' (OnClassCondition)

   UserDetailsServiceAutoConfiguration:
      Did not match:
         - @ConditionalOnClass did not find required class 'org.springframework.security.authentication.AuthenticationManager' (OnClassCondition)

   WebClientAutoConfiguration:
      Did not match:
         - @ConditionalOnClass did not find required class 'org.springframework.web.reactive.function.client.WebClient' (OnClassCondition)

   WebFluxAutoConfiguration:
      Did not match:
         - @ConditionalOnClass did not find required class 'org.springframework.web.reactive.config.WebFluxConfigurer' (OnClassCondition)

   WebMvcAutoConfiguration#hiddenHttpMethodFilter:
      Did not match:
         - @ConditionalOnProperty (spring.mvc.hiddenmethod.filter.enabled) did not find property 'enabled' (OnPropertyCondition)

   WebMvcAutoConfiguration.ProblemDetailsErrorHandlingConfiguration:
      Did not match:
         - @ConditionalOnProperty (spring.mvc.problemdetails.enabled=true) did not find property 'enabled' (OnPropertyCondition)

   WebMvcAutoConfiguration.ResourceChainCustomizerConfiguration:
      Did not match:
         - @ConditionalOnEnabledResourceChain did not find class org.webjars.WebJarAssetLocator (OnEnabledResourceChainCondition)

   WebMvcAutoConfiguration.WebMvcAutoConfigurationAdapter#beanNameViewResolver:
      Did not match:
         - @ConditionalOnMissingBean (types: org.springframework.web.servlet.view.BeanNameViewResolver; SearchStrategy: all) found beans of type 'org.springframework.web.servlet.view.BeanNameViewResolver' beanNameViewResolver (OnBeanCondition)

   WebServiceTemplateAutoConfiguration:
      Did not match:
         - @ConditionalOnClass did not find required class 'org.springframework.oxm.Marshaller' (OnClassCondition)

   WebServicesAutoConfiguration:
      Did not match:
         - @ConditionalOnClass did not find required class 'org.springframework.ws.transport.http.MessageDispatcherServlet' (OnClassCondition)

   WebSessionIdResolverAutoConfiguration:
      Did not match:
         - @ConditionalOnClass did not find required class 'reactor.core.publisher.Mono' (OnClassCondition)

   WebSocketMessagingAutoConfiguration:
      Did not match:
         - @ConditionalOnClass did not find required class 'org.springframework.web.socket.config.annotation.WebSocketMessageBrokerConfigurer' (OnClassCondition)

   WebSocketReactiveAutoConfiguration:
      Did not match:
         - @ConditionalOnWebApplication did not find reactive web application classes (OnWebApplicationCondition)

   WebSocketServletAutoConfiguration.JettyWebSocketConfiguration:
      Did not match:
         - @ConditionalOnClass did not find required class 'org.eclipse.jetty.ee10.websocket.jakarta.server.config.JakartaWebSocketServletContainerInitializer' (OnClassCondition)

   WebSocketServletAutoConfiguration.UndertowWebSocketConfiguration:
      Did not match:
         - @ConditionalOnClass did not find required class 'io.undertow.websockets.jsr.Bootstrap' (OnClassCondition)

   XADataSourceAutoConfiguration:
      Did not match:
         - @ConditionalOnClass did not find required class 'jakarta.transaction.TransactionManager' (OnClassCondition)


Exclusions:
-----------

    None


Unconditional classes:
----------------------

    org.springframework.boot.autoconfigure.context.ConfigurationPropertiesAutoConfiguration

    org.springframework.boot.autoconfigure.ssl.SslAutoConfiguration

    org.springframework.boot.autoconfigure.context.LifecycleAutoConfiguration

    org.springframework.boot.autoconfigure.context.PropertyPlaceholderAutoConfiguration

    org.springframework.boot.autoconfigure.availability.ApplicationAvailabilityAutoConfiguration

    org.springframework.boot.autoconfigure.info.ProjectInfoAutoConfiguration



2024-11-30 20:22:55.782 
                &amp#27;[34mINFO &amp#27;[0;39m 
                [main] 
                com.itq.pet.PetServApplicationTests      
                : Started PetServApplicationTests in 1.718 seconds (process running for 2.581)
2024-11-30 20:22:55.783 
                &amp#27;[39mDEBUG&amp#27;[0;39m 
                [main] 
                o.s.b.a.ApplicationAvailabilityBean      
                : Application availability state LivenessState changed to CORRECT
2024-11-30 20:22:55.784 
                &amp#27;[39mDEBUG&amp#27;[0;39m 
                [main] 
                o.s.b.a.ApplicationAvailabilityBean      
                : Application availability state ReadinessState changed to ACCEPTING_TRAFFIC
2024-11-30 20:22:55.789 
                &amp#27;[39mDEBUG&amp#27;[0;39m 
                [main] 
                org.springframework.test.context.cache   
                : Spring test ApplicationContext cache statistics: [DefaultContextCache@583fb274 size = 1, maxSize = 32, parentContextCount = 0, hitCount = 0, missCount = 1, failureCount = 0]
2024-11-30 20:22:55.791 
                &amp#27;[39mDEBUG&amp#27;[0;39m 
                [main] 
                o.s.t.c.w.ServletTestExecutionListener   
                : Setting up MockHttpServletRequest, MockHttpServletResponse, ServletWebRequest, and RequestContextHolder for test class com.itq.pet.PetServApplicationTests
2024-11-30 20:22:55.803 
                &amp#27;[39mDEBUG&amp#27;[0;39m 
                [main] 
                DependencyInjectionTestExecutionListener 
                : Performing dependency injection for test class com.itq.pet.PetServApplicationTests
2024-11-30 20:22:55.803 
                &amp#27;[39mDEBUG&amp#27;[0;39m 
                [main] 
                org.springframework.test.context.cache   
                : Spring test ApplicationContext cache statistics: [DefaultContextCache@583fb274 size = 1, maxSize = 32, parentContextCount = 0, hitCount = 1, missCount = 1, failureCount = 0]
2024-11-30 20:22:55.805 
                &amp#27;[39mDEBUG&amp#27;[0;39m 
                [main] 
                org.springframework.test.context.cache   
                : Spring test ApplicationContext cache statistics: [DefaultContextCache@583fb274 size = 1, maxSize = 32, parentContextCount = 0, hitCount = 2, missCount = 1, failureCount = 0]
2024-11-30 20:22:55.812 
                &amp#27;[39mDEBUG&amp#27;[0;39m 
                [main] 
                sContextBeforeModesTestExecutionListener 
                : Before test method: class [PetServApplicationTests], method [contextLoads], class annotated with @DirtiesContext [false] with mode [null], method annotated with @DirtiesContext [false] with mode [null]
2024-11-30 20:22:55.813 
                &amp#27;[39mDEBUG&amp#27;[0;39m 
                [main] 
                org.springframework.test.context.cache   
                : Spring test ApplicationContext cache statistics: [DefaultContextCache@583fb274 size = 1, maxSize = 32, parentContextCount = 0, hitCount = 3, missCount = 1, failureCount = 0]
2024-11-30 20:22:55.814 
                &amp#27;[39mDEBUG&amp#27;[0;39m 
                [main] 
                org.springframework.test.context.cache   
                : Spring test ApplicationContext cache statistics: [DefaultContextCache@583fb274 size = 1, maxSize = 32, parentContextCount = 0, hitCount = 4, missCount = 1, failureCount = 0]
2024-11-30 20:22:56.682 
                &amp#27;[39mDEBUG&amp#27;[0;39m 
                [main] 
                org.springframework.test.context.cache   
                : Spring test ApplicationContext cache statistics: [DefaultContextCache@583fb274 size = 1, maxSize = 32, parentContextCount = 0, hitCount = 5, missCount = 1, failureCount = 0]
2024-11-30 20:22:56.689 
                &amp#27;[39mDEBUG&amp#27;[0;39m 
                [main] 
                org.springframework.test.context.cache   
                : Spring test ApplicationContext cache statistics: [DefaultContextCache@583fb274 size = 1, maxSize = 32, parentContextCount = 0, hitCount = 6, missCount = 1, failureCount = 0]
2024-11-30 20:22:56.692 
                &amp#27;[39mDEBUG&amp#27;[0;39m 
                [main] 
                org.springframework.test.context.cache   
                : Spring test ApplicationContext cache statistics: [DefaultContextCache@583fb274 size = 1, maxSize = 32, parentContextCount = 0, hitCount = 7, missCount = 1, failureCount = 0]
2024-11-30 20:22:56.692 
                &amp#27;[39mDEBUG&amp#27;[0;39m 
                [main] 
                org.springframework.test.context.cache   
                : Spring test ApplicationContext cache statistics: [DefaultContextCache@583fb274 size = 1, maxSize = 32, parentContextCount = 0, hitCount = 8, missCount = 1, failureCount = 0]
2024-11-30 20:22:56.693 
                &amp#27;[39mDEBUG&amp#27;[0;39m 
                [main] 
                org.springframework.test.context.cache   
                : Spring test ApplicationContext cache statistics: [DefaultContextCache@583fb274 size = 1, maxSize = 32, parentContextCount = 0, hitCount = 9, missCount = 1, failureCount = 0]
2024-11-30 20:22:56.694 
                &amp#27;[39mDEBUG&amp#27;[0;39m 
                [main] 
                org.springframework.test.context.cache   
                : Spring test ApplicationContext cache statistics: [DefaultContextCache@583fb274 size = 1, maxSize = 32, parentContextCount = 0, hitCount = 10, missCount = 1, failureCount = 0]
2024-11-30 20:22:56.695 
                &amp#27;[39mDEBUG&amp#27;[0;39m 
                [main] 
                org.springframework.test.context.cache   
                : Spring test ApplicationContext cache statistics: [DefaultContextCache@583fb274 size = 1, maxSize = 32, parentContextCount = 0, hitCount = 11, missCount = 1, failureCount = 0]
2024-11-30 20:22:56.695 
                &amp#27;[39mDEBUG&amp#27;[0;39m 
                [main] 
                .c.s.DirtiesContextTestExecutionListener 
                : After test method: class [PetServApplicationTests], method [contextLoads], class annotated with @DirtiesContext [false] with mode [null], method annotated with @DirtiesContext [false] with mode [null]
2024-11-30 20:22:56.695 
                &amp#27;[39mDEBUG&amp#27;[0;39m 
                [main] 
                o.s.t.c.w.ServletTestExecutionListener   
                : Resetting RequestContextHolder for test class com.itq.pet.PetServApplicationTests
]]></system-out>
  </testcase>
</testsuite>